{"__type":"$$EventMessageAudit","id":"b411c256-88d4-43aa-933b-23f32f896d49","ts":"2026-06-30T12:21:44.835+02:00","eventName":"n8n.audit.workflow.activated","message":"n8n.audit.workflow.activated","payload":{"workflowId":"C4BVU8W5qaskHfBp","workflowName":"My workflow","activeVersionId":"658a9814-ef23-4a8a-83e9-a86a27b1c2de","activationMode":"init"}}
{"__type":"$$EventMessageConfirm","confirm":"b411c256-88d4-43aa-933b-23f32f896d49","ts":"2026-06-30T12:21:44.836+02:00","source":{"id":"0","name":"eventBus"}}
{"__type":"$$EventMessageAudit","id":"1df85649-3b54-4f4a-8c20-a53c3eb84c64","ts":"2026-06-30T12:26:16.838+02:00","eventName":"n8n.audit.workflow.executed","message":"n8n.audit.workflow.executed","payload":{"workflowId":"C4BVU8W5qaskHfBp","workflowName":"My workflow","executionId":"327","source":"webhook"}}
{"__type":"$$EventMessageConfirm","confirm":"1df85649-3b54-4f4a-8c20-a53c3eb84c64","ts":"2026-06-30T12:26:16.839+02:00","source":{"id":"0","name":"eventBus"}}
{"__type":"$$EventMessageWorkflow","id":"630ffce9-db2c-436e-bc2a-dfd30e6b6d21","ts":"2026-06-30T12:26:16.839+02:00","eventName":"n8n.workflow.started","message":"n8n.workflow.started","payload":{"executionId":"327","workflowId":"C4BVU8W5qaskHfBp","isManual":false,"mode":"webhook","workflowName":"My workflow","projectId":"8SBGRU5FRx0MMSdb","projectName":"david plecko <pleckolabs@gmail.com>"}}
{"__type":"$$EventMessageConfirm","confirm":"630ffce9-db2c-436e-bc2a-dfd30e6b6d21","ts":"2026-06-30T12:26:16.839+02:00","source":{"id":"0","name":"eventBus"}}
{"__type":"$$EventMessageNode","id":"dd2cd1d0-447d-4dc1-bb9b-e48e3ea0441c","ts":"2026-06-30T12:26:16.841+02:00","eventName":"n8n.node.started","message":"n8n.node.started","payload":{"workflowId":"C4BVU8W5qaskHfBp","workflowName":"My workflow","executionId":"327","nodeType":"n8n-nodes-base.telegramTrigger","nodeName":"Telegram Trigger","nodeId":"0d47bec0-a053-42fe-a412-b790c37047f3"}}
{"__type":"$$EventMessageConfirm","confirm":"dd2cd1d0-447d-4dc1-bb9b-e48e3ea0441c","ts":"2026-06-30T12:26:16.841+02:00","source":{"id":"0","name":"eventBus"}}
{"__type":"$$EventMessageNode","id":"3d73fcb8-2753-4831-8889-a18000218672","ts":"2026-06-30T12:26:16.849+02:00","eventName":"n8n.node.finished","message":"n8n.node.finished","payload":{"workflowId":"C4BVU8W5qaskHfBp","workflowName":"My workflow","executionId":"327","nodeType":"n8n-nodes-base.telegramTrigger","nodeName":"Telegram Trigger","nodeId":"0d47bec0-a053-42fe-a412-b790c37047f3"}}
{"__type":"$$EventMessageConfirm","confirm":"3d73fcb8-2753-4831-8889-a18000218672","ts":"2026-06-30T12:26:16.850+02:00","source":{"id":"0","name":"eventBus"}}
{"__type":"$$EventMessageNode","id":"bdf50900-0ed7-42cd-9ca0-47f476b6645e","ts":"2026-06-30T12:26:16.850+02:00","eventName":"n8n.node.started","message":"n8n.node.started","payload":{"workflowId":"C4BVU8W5qaskHfBp","workflowName":"My workflow","executionId":"327","nodeType":"n8n-nodes-base.if","nodeName":"If3","nodeId":"88cef35c-ad16-4af4-895c-643ec67e55ba"}}
{"__type":"$$EventMessageConfirm","confirm":"bdf50900-0ed7-42cd-9ca0-47f476b6645e","ts":"2026-06-30T12:26:16.850+02:00","source":{"id":"0","name":"eventBus"}}
{"__type":"$$EventMessageNode","id":"00d7ee71-e780-4dc0-bc78-32d03a96d8b0","ts":"2026-06-30T06:26:16.894-04:00","eventName":"n8n.node.finished","message":"n8n.node.finished","payload":{"workflowId":"C4BVU8W5qaskHfBp","workflowName":"My workflow","executionId":"327","nodeType":"n8n-nodes-base.if","nodeName":"If3","nodeId":"88cef35c-ad16-4af4-895c-643ec67e55ba"}}
{"__type":"$$EventMessageConfirm","confirm":"00d7ee71-e780-4dc0-bc78-32d03a96d8b0","ts":"2026-06-30T06:26:16.894-04:00","source":{"id":"0","name":"eventBus"}}
{"__type":"$$EventMessageNode","id":"9bff9f3a-f734-431c-890b-aed937777911","ts":"2026-06-30T06:26:16.895-04:00","eventName":"n8n.node.started","message":"n8n.node.started","payload":{"workflowId":"C4BVU8W5qaskHfBp","workflowName":"My workflow","executionId":"327","nodeType":"n8n-nodes-base.if","nodeName":"If2","nodeId":"1102bb1b-40ac-4086-aee6-17a0f984dc67"}}
{"__type":"$$EventMessageConfirm","confirm":"9bff9f3a-f734-431c-890b-aed937777911","ts":"2026-06-30T06:26:16.895-04:00","source":{"id":"0","name":"eventBus"}}
{"__type":"$$EventMessageNode","id":"d52831fb-2123-441c-85a5-c22a3647462b","ts":"2026-06-30T06:26:16.904-04:00","eventName":"n8n.node.finished","message":"n8n.node.finished","payload":{"workflowId":"C4BVU8W5qaskHfBp","workflowName":"My workflow","executionId":"327","nodeType":"n8n-nodes-base.if","nodeName":"If2","nodeId":"1102bb1b-40ac-4086-aee6-17a0f984dc67"}}
{"__type":"$$EventMessageConfirm","confirm":"d52831fb-2123-441c-85a5-c22a3647462b","ts":"2026-06-30T06:26:16.904-04:00","source":{"id":"0","name":"eventBus"}}
{"__type":"$$EventMessageNode","id":"07c88a0d-3888-45ef-9ecb-2c8fea7fe9ef","ts":"2026-06-30T06:26:16.904-04:00","eventName":"n8n.node.started","message":"n8n.node.started","payload":{"workflowId":"C4BVU8W5qaskHfBp","workflowName":"My workflow","executionId":"327","nodeType":"n8n-nodes-base.telegram","nodeName":"Send a text message2","nodeId":"598c9da0-8a58-4453-85f6-88d0e8b4ac6b"}}
{"__type":"$$EventMessageConfirm","confirm":"07c88a0d-3888-45ef-9ecb-2c8fea7fe9ef","ts":"2026-06-30T06:26:16.905-04:00","source":{"id":"0","name":"eventBus"}}
{"__type":"$$EventMessageNode","id":"b31f522f-1b09-4c19-918b-a2d4a190b3d7","ts":"2026-06-30T06:26:17.067-04:00","eventName":"n8n.node.finished","message":"n8n.node.finished","payload":{"workflowId":"C4BVU8W5qaskHfBp","workflowName":"My workflow","executionId":"327","nodeType":"n8n-nodes-base.telegram","nodeName":"Send a text message2","nodeId":"598c9da0-8a58-4453-85f6-88d0e8b4ac6b"}}
{"__type":"$$EventMessageConfirm","confirm":"b31f522f-1b09-4c19-918b-a2d4a190b3d7","ts":"2026-06-30T06:26:17.068-04:00","source":{"id":"0","name":"eventBus"}}
{"__type":"$$EventMessageNode","id":"edba8855-4124-4c98-87d6-edc9b8d501e1","ts":"2026-06-30T06:26:17.068-04:00","eventName":"n8n.node.started","message":"n8n.node.started","payload":{"workflowId":"C4BVU8W5qaskHfBp","workflowName":"My workflow","executionId":"327","nodeType":"n8n-nodes-base.telegram","nodeName":"Delete a chat message4","nodeId":"7d8e416b-bc03-4a71-b0be-409030ff0754"}}
{"__type":"$$EventMessageConfirm","confirm":"edba8855-4124-4c98-87d6-edc9b8d501e1","ts":"2026-06-30T06:26:17.069-04:00","source":{"id":"0","name":"eventBus"}}
{"__type":"$$EventMessageNode","id":"23c0f614-99ea-4959-8c44-ac8bf2a1a76c","ts":"2026-06-30T06:26:17.209-04:00","eventName":"n8n.node.finished","message":"n8n.node.finished","payload":{"workflowId":"C4BVU8W5qaskHfBp","workflowName":"My workflow","executionId":"327","nodeType":"n8n-nodes-base.telegram","nodeName":"Delete a chat message4","nodeId":"7d8e416b-bc03-4a71-b0be-409030ff0754"}}
{"__type":"$$EventMessageConfirm","confirm":"23c0f614-99ea-4959-8c44-ac8bf2a1a76c","ts":"2026-06-30T06:26:17.209-04:00","source":{"id":"0","name":"eventBus"}}
{"__type":"$$EventMessageNode","id":"ab36846a-2e03-4269-bc7b-c3bd1b27cd5b","ts":"2026-06-30T06:26:17.210-04:00","eventName":"n8n.node.started","message":"n8n.node.started","payload":{"workflowId":"C4BVU8W5qaskHfBp","workflowName":"My workflow","executionId":"327","nodeType":"n8n-nodes-base.wait","nodeName":"Wait2","nodeId":"78b7a7a8-f185-435d-8b18-12f57b9b54a2"}}
{"__type":"$$EventMessageConfirm","confirm":"ab36846a-2e03-4269-bc7b-c3bd1b27cd5b","ts":"2026-06-30T06:26:17.210-04:00","source":{"id":"0","name":"eventBus"}}
{"__type":"$$EventMessageNode","id":"1a1db029-57c6-4a88-9502-b4103c837305","ts":"2026-06-30T06:26:22.213-04:00","eventName":"n8n.node.finished","message":"n8n.node.finished","payload":{"workflowId":"C4BVU8W5qaskHfBp","workflowName":"My workflow","executionId":"327","nodeType":"n8n-nodes-base.wait","nodeName":"Wait2","nodeId":"78b7a7a8-f185-435d-8b18-12f57b9b54a2"}}
{"__type":"$$EventMessageConfirm","confirm":"1a1db029-57c6-4a88-9502-b4103c837305","ts":"2026-06-30T06:26:22.213-04:00","source":{"id":"0","name":"eventBus"}}
{"__type":"$$EventMessageNode","id":"20cd4d55-e358-4bbb-bc9d-272e84c4f385","ts":"2026-06-30T06:26:22.214-04:00","eventName":"n8n.node.started","message":"n8n.node.started","payload":{"workflowId":"C4BVU8W5qaskHfBp","workflowName":"My workflow","executionId":"327","nodeType":"n8n-nodes-base.telegram","nodeName":"Delete a chat message5","nodeId":"d5826180-5539-493d-9496-a6d08fc30086"}}
{"__type":"$$EventMessageConfirm","confirm":"20cd4d55-e358-4bbb-bc9d-272e84c4f385","ts":"2026-06-30T06:26:22.214-04:00","source":{"id":"0","name":"eventBus"}}
{"__type":"$$EventMessageNode","id":"8ffb903a-cde8-4c77-80b7-d511b0c37a2f","ts":"2026-06-30T06:26:22.431-04:00","eventName":"n8n.node.finished","message":"n8n.node.finished","payload":{"workflowId":"C4BVU8W5qaskHfBp","workflowName":"My workflow","executionId":"327","nodeType":"n8n-nodes-base.telegram","nodeName":"Delete a chat message5","nodeId":"d5826180-5539-493d-9496-a6d08fc30086"}}
{"__type":"$$EventMessageConfirm","confirm":"8ffb903a-cde8-4c77-80b7-d511b0c37a2f","ts":"2026-06-30T06:26:22.431-04:00","source":{"id":"0","name":"eventBus"}}
{"__type":"$$EventMessageWorkflow","id":"acfae5bc-6efe-4d5a-b6e0-de5b7c4e8f7e","ts":"2026-06-30T06:26:22.437-04:00","eventName":"n8n.workflow.success","message":"n8n.workflow.success","payload":{"executionId":"327","success":true,"isManual":false,"mode":"webhook","workflowId":"C4BVU8W5qaskHfBp","workflowName":"My workflow","projectId":"8SBGRU5FRx0MMSdb","projectName":"david plecko <pleckolabs@gmail.com>"}}
{"__type":"$$EventMessageConfirm","confirm":"acfae5bc-6efe-4d5a-b6e0-de5b7c4e8f7e","ts":"2026-06-30T06:26:22.437-04:00","source":{"id":"0","name":"eventBus"}}
{"__type":"$$EventMessageAudit","id":"c7c00c16-ea6a-4406-a7e6-a99f33eb8722","ts":"2026-06-30T06:37:24.896-04:00","eventName":"n8n.audit.workflow.executed","message":"n8n.audit.workflow.executed","payload":{"workflowId":"C4BVU8W5qaskHfBp","workflowName":"My workflow","executionId":"328","source":"webhook"}}
{"__type":"$$EventMessageConfirm","confirm":"c7c00c16-ea6a-4406-a7e6-a99f33eb8722","ts":"2026-06-30T06:37:24.896-04:00","source":{"id":"0","name":"eventBus"}}
{"__type":"$$EventMessageWorkflow","id":"0cb0c3cb-5ff9-4499-baaf-90fdbd68b832","ts":"2026-06-30T06:37:24.897-04:00","eventName":"n8n.workflow.started","message":"n8n.workflow.started","payload":{"executionId":"328","workflowId":"C4BVU8W5qaskHfBp","isManual":false,"mode":"webhook","workflowName":"My workflow","projectId":"8SBGRU5FRx0MMSdb","projectName":"david plecko <pleckolabs@gmail.com>"}}
{"__type":"$$EventMessageConfirm","confirm":"0cb0c3cb-5ff9-4499-baaf-90fdbd68b832","ts":"2026-06-30T06:37:24.897-04:00","source":{"id":"0","name":"eventBus"}}
{"__type":"$$EventMessageNode","id":"29547fba-fd9b-44b2-8e27-9e1f031b9eb7","ts":"2026-06-30T06:37:24.897-04:00","eventName":"n8n.node.started","message":"n8n.node.started","payload":{"workflowId":"C4BVU8W5qaskHfBp","workflowName":"My workflow","executionId":"328","nodeType":"n8n-nodes-base.telegramTrigger","nodeName":"Telegram Trigger","nodeId":"0d47bec0-a053-42fe-a412-b790c37047f3"}}
{"__type":"$$EventMessageConfirm","confirm":"29547fba-fd9b-44b2-8e27-9e1f031b9eb7","ts":"2026-06-30T06:37:24.898-04:00","source":{"id":"0","name":"eventBus"}}
{"__type":"$$EventMessageNode","id":"1bf71786-689b-47f5-a7fb-d6f770ba683c","ts":"2026-06-30T06:37:24.901-04:00","eventName":"n8n.node.finished","message":"n8n.node.finished","payload":{"workflowId":"C4BVU8W5qaskHfBp","workflowName":"My workflow","executionId":"328","nodeType":"n8n-nodes-base.telegramTrigger","nodeName":"Telegram Trigger","nodeId":"0d47bec0-a053-42fe-a412-b790c37047f3"}}
{"__type":"$$EventMessageConfirm","confirm":"1bf71786-689b-47f5-a7fb-d6f770ba683c","ts":"2026-06-30T06:37:24.901-04:00","source":{"id":"0","name":"eventBus"}}
{"__type":"$$EventMessageNode","id":"0702ee71-01c1-455c-8b00-c2ef7c02d230","ts":"2026-06-30T06:37:24.901-04:00","eventName":"n8n.node.started","message":"n8n.node.started","payload":{"workflowId":"C4BVU8W5qaskHfBp","workflowName":"My workflow","executionId":"328","nodeType":"n8n-nodes-base.if","nodeName":"If3","nodeId":"88cef35c-ad16-4af4-895c-643ec67e55ba"}}
{"__type":"$$EventMessageConfirm","confirm":"0702ee71-01c1-455c-8b00-c2ef7c02d230","ts":"2026-06-30T06:37:24.901-04:00","source":{"id":"0","name":"eventBus"}}
{"__type":"$$EventMessageNode","id":"cb29450e-c989-4853-913f-fcd62f675b80","ts":"2026-06-30T06:37:24.904-04:00","eventName":"n8n.node.finished","message":"n8n.node.finished","payload":{"workflowId":"C4BVU8W5qaskHfBp","workflowName":"My workflow","executionId":"328","nodeType":"n8n-nodes-base.if","nodeName":"If3","nodeId":"88cef35c-ad16-4af4-895c-643ec67e55ba"}}
{"__type":"$$EventMessageConfirm","confirm":"cb29450e-c989-4853-913f-fcd62f675b80","ts":"2026-06-30T06:37:24.904-04:00","source":{"id":"0","name":"eventBus"}}
{"__type":"$$EventMessageNode","id":"5883d4c1-1031-4f86-90d7-a3b8f70841ff","ts":"2026-06-30T06:37:24.904-04:00","eventName":"n8n.node.started","message":"n8n.node.started","payload":{"workflowId":"C4BVU8W5qaskHfBp","workflowName":"My workflow","executionId":"328","nodeType":"n8n-nodes-base.if","nodeName":"If2","nodeId":"1102bb1b-40ac-4086-aee6-17a0f984dc67"}}
{"__type":"$$EventMessageConfirm","confirm":"5883d4c1-1031-4f86-90d7-a3b8f70841ff","ts":"2026-06-30T06:37:24.906-04:00","source":{"id":"0","name":"eventBus"}}
{"__type":"$$EventMessageNode","id":"85f6dd95-2d55-4b7b-9a7d-157ea1ea2781","ts":"2026-06-30T06:37:24.908-04:00","eventName":"n8n.node.finished","message":"n8n.node.finished","payload":{"workflowId":"C4BVU8W5qaskHfBp","workflowName":"My workflow","executionId":"328","nodeType":"n8n-nodes-base.if","nodeName":"If2","nodeId":"1102bb1b-40ac-4086-aee6-17a0f984dc67"}}
{"__type":"$$EventMessageConfirm","confirm":"85f6dd95-2d55-4b7b-9a7d-157ea1ea2781","ts":"2026-06-30T06:37:24.908-04:00","source":{"id":"0","name":"eventBus"}}
{"__type":"$$EventMessageNode","id":"c9ff016c-d911-4b3e-aa8a-dbacf3fbe2cc","ts":"2026-06-30T06:37:24.908-04:00","eventName":"n8n.node.started","message":"n8n.node.started","payload":{"workflowId":"C4BVU8W5qaskHfBp","workflowName":"My workflow","executionId":"328","nodeType":"n8n-nodes-base.telegram","nodeName":"Send a text message2","nodeId":"598c9da0-8a58-4453-85f6-88d0e8b4ac6b"}}
{"__type":"$$EventMessageConfirm","confirm":"c9ff016c-d911-4b3e-aa8a-dbacf3fbe2cc","ts":"2026-06-30T06:37:24.908-04:00","source":{"id":"0","name":"eventBus"}}
{"__type":"$$EventMessageNode","id":"7c2f3421-6446-47f6-9629-bfd8188d1683","ts":"2026-06-30T06:37:25.135-04:00","eventName":"n8n.node.finished","message":"n8n.node.finished","payload":{"workflowId":"C4BVU8W5qaskHfBp","workflowName":"My workflow","executionId":"328","nodeType":"n8n-nodes-base.telegram","nodeName":"Send a text message2","nodeId":"598c9da0-8a58-4453-85f6-88d0e8b4ac6b"}}
{"__type":"$$EventMessageConfirm","confirm":"7c2f3421-6446-47f6-9629-bfd8188d1683","ts":"2026-06-30T06:37:25.136-04:00","source":{"id":"0","name":"eventBus"}}
{"__type":"$$EventMessageNode","id":"02fe3871-07c5-4414-9432-e78e6c9f10e5","ts":"2026-06-30T06:37:25.137-04:00","eventName":"n8n.node.started","message":"n8n.node.started","payload":{"workflowId":"C4BVU8W5qaskHfBp","workflowName":"My workflow","executionId":"328","nodeType":"n8n-nodes-base.telegram","nodeName":"Delete a chat message4","nodeId":"7d8e416b-bc03-4a71-b0be-409030ff0754"}}
{"__type":"$$EventMessageConfirm","confirm":"02fe3871-07c5-4414-9432-e78e6c9f10e5","ts":"2026-06-30T06:37:25.137-04:00","source":{"id":"0","name":"eventBus"}}
{"__type":"$$EventMessageNode","id":"d6d52b16-8211-4752-af70-aef64aad5731","ts":"2026-06-30T06:37:25.259-04:00","eventName":"n8n.node.finished","message":"n8n.node.finished","payload":{"workflowId":"C4BVU8W5qaskHfBp","workflowName":"My workflow","executionId":"328","nodeType":"n8n-nodes-base.telegram","nodeName":"Delete a chat message4","nodeId":"7d8e416b-bc03-4a71-b0be-409030ff0754"}}
{"__type":"$$EventMessageConfirm","confirm":"d6d52b16-8211-4752-af70-aef64aad5731","ts":"2026-06-30T06:37:25.259-04:00","source":{"id":"0","name":"eventBus"}}
{"__type":"$$EventMessageNode","id":"f1402a36-5f69-4264-a46e-cd6889be8e69","ts":"2026-06-30T06:37:25.260-04:00","eventName":"n8n.node.started","message":"n8n.node.started","payload":{"workflowId":"C4BVU8W5qaskHfBp","workflowName":"My workflow","executionId":"328","nodeType":"n8n-nodes-base.wait","nodeName":"Wait2","nodeId":"78b7a7a8-f185-435d-8b18-12f57b9b54a2"}}
{"__type":"$$EventMessageConfirm","confirm":"f1402a36-5f69-4264-a46e-cd6889be8e69","ts":"2026-06-30T06:37:25.260-04:00","source":{"id":"0","name":"eventBus"}}
{"__type":"$$EventMessageNode","id":"efcb5ff8-9823-4649-9a40-f813ec5ace30","ts":"2026-06-30T06:37:30.261-04:00","eventName":"n8n.node.finished","message":"n8n.node.finished","payload":{"workflowId":"C4BVU8W5qaskHfBp","workflowName":"My workflow","executionId":"328","nodeType":"n8n-nodes-base.wait","nodeName":"Wait2","nodeId":"78b7a7a8-f185-435d-8b18-12f57b9b54a2"}}
{"__type":"$$EventMessageConfirm","confirm":"efcb5ff8-9823-4649-9a40-f813ec5ace30","ts":"2026-06-30T06:37:30.261-04:00","source":{"id":"0","name":"eventBus"}}
{"__type":"$$EventMessageNode","id":"0b21f31a-75b3-45d9-b13b-ff2f71293024","ts":"2026-06-30T06:37:30.261-04:00","eventName":"n8n.node.started","message":"n8n.node.started","payload":{"workflowId":"C4BVU8W5qaskHfBp","workflowName":"My workflow","executionId":"328","nodeType":"n8n-nodes-base.telegram","nodeName":"Delete a chat message5","nodeId":"d5826180-5539-493d-9496-a6d08fc30086"}}
{"__type":"$$EventMessageConfirm","confirm":"0b21f31a-75b3-45d9-b13b-ff2f71293024","ts":"2026-06-30T06:37:30.262-04:00","source":{"id":"0","name":"eventBus"}}
{"__type":"$$EventMessageNode","id":"0a435107-7c58-4bff-ab75-a2e435c294d3","ts":"2026-06-30T06:37:30.398-04:00","eventName":"n8n.node.finished","message":"n8n.node.finished","payload":{"workflowId":"C4BVU8W5qaskHfBp","workflowName":"My workflow","executionId":"328","nodeType":"n8n-nodes-base.telegram","nodeName":"Delete a chat message5","nodeId":"d5826180-5539-493d-9496-a6d08fc30086"}}
{"__type":"$$EventMessageConfirm","confirm":"0a435107-7c58-4bff-ab75-a2e435c294d3","ts":"2026-06-30T06:37:30.399-04:00","source":{"id":"0","name":"eventBus"}}
{"__type":"$$EventMessageWorkflow","id":"7283f874-ad40-4181-ac51-81f3126ba8b9","ts":"2026-06-30T06:37:30.400-04:00","eventName":"n8n.workflow.success","message":"n8n.workflow.success","payload":{"executionId":"328","success":true,"isManual":false,"mode":"webhook","workflowId":"C4BVU8W5qaskHfBp","workflowName":"My workflow","projectId":"8SBGRU5FRx0MMSdb","projectName":"david plecko <pleckolabs@gmail.com>"}}
{"__type":"$$EventMessageConfirm","confirm":"7283f874-ad40-4181-ac51-81f3126ba8b9","ts":"2026-06-30T06:37:30.400-04:00","source":{"id":"0","name":"eventBus"}}
{"__type":"$$EventMessageAudit","id":"5862452f-e9f9-4e54-b072-6fd51b086173","ts":"2026-06-30T06:37:36.929-04:00","eventName":"n8n.audit.workflow.executed","message":"n8n.audit.workflow.executed","payload":{"workflowId":"C4BVU8W5qaskHfBp","workflowName":"My workflow","executionId":"329","source":"webhook"}}
{"__type":"$$EventMessageConfirm","confirm":"5862452f-e9f9-4e54-b072-6fd51b086173","ts":"2026-06-30T06:37:36.929-04:00","source":{"id":"0","name":"eventBus"}}
{"__type":"$$EventMessageWorkflow","id":"ab4eb2a1-0c63-44b9-9c05-0bb808269fc9","ts":"2026-06-30T06:37:36.930-04:00","eventName":"n8n.workflow.started","message":"n8n.workflow.started","payload":{"executionId":"329","workflowId":"C4BVU8W5qaskHfBp","isManual":false,"mode":"webhook","workflowName":"My workflow","projectId":"8SBGRU5FRx0MMSdb","projectName":"david plecko <pleckolabs@gmail.com>"}}
{"__type":"$$EventMessageConfirm","confirm":"ab4eb2a1-0c63-44b9-9c05-0bb808269fc9","ts":"2026-06-30T06:37:36.930-04:00","source":{"id":"0","name":"eventBus"}}
{"__type":"$$EventMessageNode","id":"9e00cae5-b6f6-4b49-9a18-1879464b4186","ts":"2026-06-30T06:37:36.930-04:00","eventName":"n8n.node.started","message":"n8n.node.started","payload":{"workflowId":"C4BVU8W5qaskHfBp","workflowName":"My workflow","executionId":"329","nodeType":"n8n-nodes-base.telegramTrigger","nodeName":"Telegram Trigger","nodeId":"0d47bec0-a053-42fe-a412-b790c37047f3"}}
{"__type":"$$EventMessageConfirm","confirm":"9e00cae5-b6f6-4b49-9a18-1879464b4186","ts":"2026-06-30T06:37:36.930-04:00","source":{"id":"0","name":"eventBus"}}
{"__type":"$$EventMessageNode","id":"d1be6ba7-d065-443a-8dba-094c95403cfd","ts":"2026-06-30T06:37:36.932-04:00","eventName":"n8n.node.finished","message":"n8n.node.finished","payload":{"workflowId":"C4BVU8W5qaskHfBp","workflowName":"My workflow","executionId":"329","nodeType":"n8n-nodes-base.telegramTrigger","nodeName":"Telegram Trigger","nodeId":"0d47bec0-a053-42fe-a412-b790c37047f3"}}
{"__type":"$$EventMessageConfirm","confirm":"d1be6ba7-d065-443a-8dba-094c95403cfd","ts":"2026-06-30T06:37:36.932-04:00","source":{"id":"0","name":"eventBus"}}
{"__type":"$$EventMessageNode","id":"30c3a1be-de89-434f-9d5e-8ebd590f6cf3","ts":"2026-06-30T06:37:36.932-04:00","eventName":"n8n.node.started","message":"n8n.node.started","payload":{"workflowId":"C4BVU8W5qaskHfBp","workflowName":"My workflow","executionId":"329","nodeType":"n8n-nodes-base.if","nodeName":"If3","nodeId":"88cef35c-ad16-4af4-895c-643ec67e55ba"}}
{"__type":"$$EventMessageConfirm","confirm":"30c3a1be-de89-434f-9d5e-8ebd590f6cf3","ts":"2026-06-30T06:37:36.932-04:00","source":{"id":"0","name":"eventBus"}}
{"__type":"$$EventMessageNode","id":"d2671779-0afa-4665-b4cc-00c8ae8d24c3","ts":"2026-06-30T06:37:36.934-04:00","eventName":"n8n.node.finished","message":"n8n.node.finished","payload":{"workflowId":"C4BVU8W5qaskHfBp","workflowName":"My workflow","executionId":"329","nodeType":"n8n-nodes-base.if","nodeName":"If3","nodeId":"88cef35c-ad16-4af4-895c-643ec67e55ba"}}
{"__type":"$$EventMessageConfirm","confirm":"d2671779-0afa-4665-b4cc-00c8ae8d24c3","ts":"2026-06-30T06:37:36.934-04:00","source":{"id":"0","name":"eventBus"}}
{"__type":"$$EventMessageNode","id":"752e97a3-3975-431d-9dfa-33850cf18ba7","ts":"2026-06-30T06:37:36.934-04:00","eventName":"n8n.node.started","message":"n8n.node.started","payload":{"workflowId":"C4BVU8W5qaskHfBp","workflowName":"My workflow","executionId":"329","nodeType":"n8n-nodes-base.if","nodeName":"If2","nodeId":"1102bb1b-40ac-4086-aee6-17a0f984dc67"}}
{"__type":"$$EventMessageConfirm","confirm":"752e97a3-3975-431d-9dfa-33850cf18ba7","ts":"2026-06-30T06:37:36.935-04:00","source":{"id":"0","name":"eventBus"}}
{"__type":"$$EventMessageNode","id":"e218bc18-4774-4249-82bc-cb2c6f6f72e4","ts":"2026-06-30T06:37:36.936-04:00","eventName":"n8n.node.finished","message":"n8n.node.finished","payload":{"workflowId":"C4BVU8W5qaskHfBp","workflowName":"My workflow","executionId":"329","nodeType":"n8n-nodes-base.if","nodeName":"If2","nodeId":"1102bb1b-40ac-4086-aee6-17a0f984dc67"}}
{"__type":"$$EventMessageConfirm","confirm":"e218bc18-4774-4249-82bc-cb2c6f6f72e4","ts":"2026-06-30T06:37:36.936-04:00","source":{"id":"0","name":"eventBus"}}
{"__type":"$$EventMessageNode","id":"b9f34518-d4bf-4957-b243-079a7bacd181","ts":"2026-06-30T06:37:36.937-04:00","eventName":"n8n.node.started","message":"n8n.node.started","payload":{"workflowId":"C4BVU8W5qaskHfBp","workflowName":"My workflow","executionId":"329","nodeType":"n8n-nodes-base.telegram","nodeName":"Send a text message2","nodeId":"598c9da0-8a58-4453-85f6-88d0e8b4ac6b"}}
{"__type":"$$EventMessageConfirm","confirm":"b9f34518-d4bf-4957-b243-079a7bacd181","ts":"2026-06-30T06:37:36.937-04:00","source":{"id":"0","name":"eventBus"}}
{"__type":"$$EventMessageNode","id":"b4ac615e-4885-45c3-aefd-ff1ceeff0927","ts":"2026-06-30T06:37:37.108-04:00","eventName":"n8n.node.finished","message":"n8n.node.finished","payload":{"workflowId":"C4BVU8W5qaskHfBp","workflowName":"My workflow","executionId":"329","nodeType":"n8n-nodes-base.telegram","nodeName":"Send a text message2","nodeId":"598c9da0-8a58-4453-85f6-88d0e8b4ac6b"}}
{"__type":"$$EventMessageConfirm","confirm":"b4ac615e-4885-45c3-aefd-ff1ceeff0927","ts":"2026-06-30T06:37:37.108-04:00","source":{"id":"0","name":"eventBus"}}
{"__type":"$$EventMessageNode","id":"1fed4a88-1299-435d-a848-785eca84ae79","ts":"2026-06-30T06:37:37.109-04:00","eventName":"n8n.node.started","message":"n8n.node.started","payload":{"workflowId":"C4BVU8W5qaskHfBp","workflowName":"My workflow","executionId":"329","nodeType":"n8n-nodes-base.telegram","nodeName":"Delete a chat message4","nodeId":"7d8e416b-bc03-4a71-b0be-409030ff0754"}}
{"__type":"$$EventMessageConfirm","confirm":"1fed4a88-1299-435d-a848-785eca84ae79","ts":"2026-06-30T06:37:37.109-04:00","source":{"id":"0","name":"eventBus"}}
{"__type":"$$EventMessageNode","id":"63f66122-d323-4ebb-a7d3-c4315a261781","ts":"2026-06-30T06:37:37.228-04:00","eventName":"n8n.node.finished","message":"n8n.node.finished","payload":{"workflowId":"C4BVU8W5qaskHfBp","workflowName":"My workflow","executionId":"329","nodeType":"n8n-nodes-base.telegram","nodeName":"Delete a chat message4","nodeId":"7d8e416b-bc03-4a71-b0be-409030ff0754"}}
{"__type":"$$EventMessageConfirm","confirm":"63f66122-d323-4ebb-a7d3-c4315a261781","ts":"2026-06-30T06:37:37.228-04:00","source":{"id":"0","name":"eventBus"}}
{"__type":"$$EventMessageNode","id":"03ba6b15-dbb3-4ad2-8b0b-02fdb725e558","ts":"2026-06-30T06:37:37.229-04:00","eventName":"n8n.node.started","message":"n8n.node.started","payload":{"workflowId":"C4BVU8W5qaskHfBp","workflowName":"My workflow","executionId":"329","nodeType":"n8n-nodes-base.wait","nodeName":"Wait2","nodeId":"78b7a7a8-f185-435d-8b18-12f57b9b54a2"}}
{"__type":"$$EventMessageConfirm","confirm":"03ba6b15-dbb3-4ad2-8b0b-02fdb725e558","ts":"2026-06-30T06:37:37.229-04:00","source":{"id":"0","name":"eventBus"}}
{"__type":"$$EventMessageNode","id":"35ad098e-05e3-4013-bef6-f5d8febddce7","ts":"2026-06-30T06:37:42.230-04:00","eventName":"n8n.node.finished","message":"n8n.node.finished","payload":{"workflowId":"C4BVU8W5qaskHfBp","workflowName":"My workflow","executionId":"329","nodeType":"n8n-nodes-base.wait","nodeName":"Wait2","nodeId":"78b7a7a8-f185-435d-8b18-12f57b9b54a2"}}
{"__type":"$$EventMessageConfirm","confirm":"35ad098e-05e3-4013-bef6-f5d8febddce7","ts":"2026-06-30T06:37:42.230-04:00","source":{"id":"0","name":"eventBus"}}
{"__type":"$$EventMessageNode","id":"5ef81886-2e4e-4010-b68b-b79457e5e84b","ts":"2026-06-30T06:37:42.230-04:00","eventName":"n8n.node.started","message":"n8n.node.started","payload":{"workflowId":"C4BVU8W5qaskHfBp","workflowName":"My workflow","executionId":"329","nodeType":"n8n-nodes-base.telegram","nodeName":"Delete a chat message5","nodeId":"d5826180-5539-493d-9496-a6d08fc30086"}}
{"__type":"$$EventMessageConfirm","confirm":"5ef81886-2e4e-4010-b68b-b79457e5e84b","ts":"2026-06-30T06:37:42.231-04:00","source":{"id":"0","name":"eventBus"}}
{"__type":"$$EventMessageNode","id":"e163045d-bc46-40ab-a0ae-71c4ebfb08b3","ts":"2026-06-30T06:37:42.366-04:00","eventName":"n8n.node.finished","message":"n8n.node.finished","payload":{"workflowId":"C4BVU8W5qaskHfBp","workflowName":"My workflow","executionId":"329","nodeType":"n8n-nodes-base.telegram","nodeName":"Delete a chat message5","nodeId":"d5826180-5539-493d-9496-a6d08fc30086"}}
{"__type":"$$EventMessageConfirm","confirm":"e163045d-bc46-40ab-a0ae-71c4ebfb08b3","ts":"2026-06-30T06:37:42.366-04:00","source":{"id":"0","name":"eventBus"}}
{"__type":"$$EventMessageWorkflow","id":"c40878d4-ae78-40d8-b7d8-84565fa14280","ts":"2026-06-30T06:37:42.367-04:00","eventName":"n8n.workflow.success","message":"n8n.workflow.success","payload":{"executionId":"329","success":true,"isManual":false,"mode":"webhook","workflowId":"C4BVU8W5qaskHfBp","workflowName":"My workflow","projectId":"8SBGRU5FRx0MMSdb","projectName":"david plecko <pleckolabs@gmail.com>"}}
{"__type":"$$EventMessageConfirm","confirm":"c40878d4-ae78-40d8-b7d8-84565fa14280","ts":"2026-06-30T06:37:42.367-04:00","source":{"id":"0","name":"eventBus"}}
{"__type":"$$EventMessageAudit","id":"794f2d5b-7e3b-4bbb-993e-7b09f852b5ef","ts":"2026-06-30T06:37:50.655-04:00","eventName":"n8n.audit.workflow.executed","message":"n8n.audit.workflow.executed","payload":{"workflowId":"C4BVU8W5qaskHfBp","workflowName":"My workflow","executionId":"330","source":"webhook"}}
{"__type":"$$EventMessageConfirm","confirm":"794f2d5b-7e3b-4bbb-993e-7b09f852b5ef","ts":"2026-06-30T06:37:50.655-04:00","source":{"id":"0","name":"eventBus"}}
{"__type":"$$EventMessageWorkflow","id":"d9daa0bf-5d5f-4086-a532-532336a0f926","ts":"2026-06-30T06:37:50.655-04:00","eventName":"n8n.workflow.started","message":"n8n.workflow.started","payload":{"executionId":"330","workflowId":"C4BVU8W5qaskHfBp","isManual":false,"mode":"webhook","workflowName":"My workflow","projectId":"8SBGRU5FRx0MMSdb","projectName":"david plecko <pleckolabs@gmail.com>"}}
{"__type":"$$EventMessageConfirm","confirm":"d9daa0bf-5d5f-4086-a532-532336a0f926","ts":"2026-06-30T06:37:50.655-04:00","source":{"id":"0","name":"eventBus"}}
{"__type":"$$EventMessageNode","id":"1b25a69e-6dfc-48b9-8144-f25f642d9c5c","ts":"2026-06-30T06:37:50.655-04:00","eventName":"n8n.node.started","message":"n8n.node.started","payload":{"workflowId":"C4BVU8W5qaskHfBp","workflowName":"My workflow","executionId":"330","nodeType":"n8n-nodes-base.telegramTrigger","nodeName":"Telegram Trigger","nodeId":"0d47bec0-a053-42fe-a412-b790c37047f3"}}
{"__type":"$$EventMessageConfirm","confirm":"1b25a69e-6dfc-48b9-8144-f25f642d9c5c","ts":"2026-06-30T06:37:50.655-04:00","source":{"id":"0","name":"eventBus"}}
{"__type":"$$EventMessageNode","id":"ca970840-625e-4ef5-ad81-f74b5adb0552","ts":"2026-06-30T06:37:50.655-04:00","eventName":"n8n.node.finished","message":"n8n.node.finished","payload":{"workflowId":"C4BVU8W5qaskHfBp","workflowName":"My workflow","executionId":"330","nodeType":"n8n-nodes-base.telegramTrigger","nodeName":"Telegram Trigger","nodeId":"0d47bec0-a053-42fe-a412-b790c37047f3"}}
{"__type":"$$EventMessageConfirm","confirm":"ca970840-625e-4ef5-ad81-f74b5adb0552","ts":"2026-06-30T06:37:50.655-04:00","source":{"id":"0","name":"eventBus"}}
{"__type":"$$EventMessageNode","id":"817ff34a-a90d-48e9-9e4f-ccab15635581","ts":"2026-06-30T06:37:50.655-04:00","eventName":"n8n.node.started","message":"n8n.node.started","payload":{"workflowId":"C4BVU8W5qaskHfBp","workflowName":"My workflow","executionId":"330","nodeType":"n8n-nodes-base.if","nodeName":"If3","nodeId":"88cef35c-ad16-4af4-895c-643ec67e55ba"}}
{"__type":"$$EventMessageConfirm","confirm":"817ff34a-a90d-48e9-9e4f-ccab15635581","ts":"2026-06-30T06:37:50.655-04:00","source":{"id":"0","name":"eventBus"}}
{"__type":"$$EventMessageNode","id":"2299d9ae-2f2b-4678-8037-38382e269284","ts":"2026-06-30T06:37:50.656-04:00","eventName":"n8n.node.finished","message":"n8n.node.finished","payload":{"workflowId":"C4BVU8W5qaskHfBp","workflowName":"My workflow","executionId":"330","nodeType":"n8n-nodes-base.if","nodeName":"If3","nodeId":"88cef35c-ad16-4af4-895c-643ec67e55ba"}}
{"__type":"$$EventMessageConfirm","confirm":"2299d9ae-2f2b-4678-8037-38382e269284","ts":"2026-06-30T06:37:50.656-04:00","source":{"id":"0","name":"eventBus"}}
{"__type":"$$EventMessageNode","id":"e7b813a9-8f43-49a5-835e-e1e21169c074","ts":"2026-06-30T06:37:50.656-04:00","eventName":"n8n.node.started","message":"n8n.node.started","payload":{"workflowId":"C4BVU8W5qaskHfBp","workflowName":"My workflow","executionId":"330","nodeType":"n8n-nodes-base.if","nodeName":"If2","nodeId":"1102bb1b-40ac-4086-aee6-17a0f984dc67"}}
{"__type":"$$EventMessageConfirm","confirm":"e7b813a9-8f43-49a5-835e-e1e21169c074","ts":"2026-06-30T06:37:50.656-04:00","source":{"id":"0","name":"eventBus"}}
{"__type":"$$EventMessageNode","id":"1334a7d3-02ff-4ab4-873b-a3b8019f84f2","ts":"2026-06-30T06:37:50.657-04:00","eventName":"n8n.node.finished","message":"n8n.node.finished","payload":{"workflowId":"C4BVU8W5qaskHfBp","workflowName":"My workflow","executionId":"330","nodeType":"n8n-nodes-base.if","nodeName":"If2","nodeId":"1102bb1b-40ac-4086-aee6-17a0f984dc67"}}
{"__type":"$$EventMessageConfirm","confirm":"1334a7d3-02ff-4ab4-873b-a3b8019f84f2","ts":"2026-06-30T06:37:50.657-04:00","source":{"id":"0","name":"eventBus"}}
{"__type":"$$EventMessageNode","id":"c55c9d70-6e98-4b03-bab4-db57d5155789","ts":"2026-06-30T06:37:50.657-04:00","eventName":"n8n.node.started","message":"n8n.node.started","payload":{"workflowId":"C4BVU8W5qaskHfBp","workflowName":"My workflow","executionId":"330","nodeType":"n8n-nodes-base.telegram","nodeName":"Get a file","nodeId":"9a76aea9-8987-4c33-9655-1c4a622b3c0e"}}
{"__type":"$$EventMessageConfirm","confirm":"c55c9d70-6e98-4b03-bab4-db57d5155789","ts":"2026-06-30T06:37:50.657-04:00","source":{"id":"0","name":"eventBus"}}
{"__type":"$$EventMessageNode","id":"6b78bcd0-f9ef-4f09-946c-f97553b5e10e","ts":"2026-06-30T06:37:50.952-04:00","eventName":"n8n.node.finished","message":"n8n.node.finished","payload":{"workflowId":"C4BVU8W5qaskHfBp","workflowName":"My workflow","executionId":"330","nodeType":"n8n-nodes-base.telegram","nodeName":"Get a file","nodeId":"9a76aea9-8987-4c33-9655-1c4a622b3c0e"}}
{"__type":"$$EventMessageConfirm","confirm":"6b78bcd0-f9ef-4f09-946c-f97553b5e10e","ts":"2026-06-30T06:37:50.952-04:00","source":{"id":"0","name":"eventBus"}}
{"__type":"$$EventMessageNode","id":"59ff7ebd-a512-4c08-914c-f80f37e57eee","ts":"2026-06-30T06:37:50.953-04:00","eventName":"n8n.node.started","message":"n8n.node.started","payload":{"workflowId":"C4BVU8W5qaskHfBp","workflowName":"My workflow","executionId":"330","nodeType":"n8n-nodes-base.if","nodeName":"If","nodeId":"7db9cf72-934d-4cea-8296-d648b3f605bf"}}
{"__type":"$$EventMessageConfirm","confirm":"59ff7ebd-a512-4c08-914c-f80f37e57eee","ts":"2026-06-30T06:37:50.953-04:00","source":{"id":"0","name":"eventBus"}}
{"__type":"$$EventMessageNode","id":"7ac225af-ca51-4453-b4c6-0f05c6a3339c","ts":"2026-06-30T06:37:50.963-04:00","eventName":"n8n.node.finished","message":"n8n.node.finished","payload":{"workflowId":"C4BVU8W5qaskHfBp","workflowName":"My workflow","executionId":"330","nodeType":"n8n-nodes-base.if","nodeName":"If","nodeId":"7db9cf72-934d-4cea-8296-d648b3f605bf"}}
{"__type":"$$EventMessageConfirm","confirm":"7ac225af-ca51-4453-b4c6-0f05c6a3339c","ts":"2026-06-30T06:37:50.964-04:00","source":{"id":"0","name":"eventBus"}}
{"__type":"$$EventMessageNode","id":"d23a8a4d-1579-4105-9d7e-0d89e8442257","ts":"2026-06-30T06:37:50.964-04:00","eventName":"n8n.node.started","message":"n8n.node.started","payload":{"workflowId":"C4BVU8W5qaskHfBp","workflowName":"My workflow","executionId":"330","nodeType":"n8n-nodes-base.telegram","nodeName":"Send a text message","nodeId":"aab0e488-6559-49df-9b18-8ad34a5ab0ed"}}
{"__type":"$$EventMessageConfirm","confirm":"d23a8a4d-1579-4105-9d7e-0d89e8442257","ts":"2026-06-30T06:37:50.964-04:00","source":{"id":"0","name":"eventBus"}}
{"__type":"$$EventMessageNode","id":"39985631-7426-4fac-9da4-337c65bff395","ts":"2026-06-30T06:37:51.146-04:00","eventName":"n8n.node.finished","message":"n8n.node.finished","payload":{"workflowId":"C4BVU8W5qaskHfBp","workflowName":"My workflow","executionId":"330","nodeType":"n8n-nodes-base.telegram","nodeName":"Send a text message","nodeId":"aab0e488-6559-49df-9b18-8ad34a5ab0ed"}}
{"__type":"$$EventMessageConfirm","confirm":"39985631-7426-4fac-9da4-337c65bff395","ts":"2026-06-30T06:37:51.147-04:00","source":{"id":"0","name":"eventBus"}}
{"__type":"$$EventMessageNode","id":"f3c60c09-f2ac-441c-97ed-226911958d8e","ts":"2026-06-30T06:37:51.147-04:00","eventName":"n8n.node.started","message":"n8n.node.started","payload":{"workflowId":"C4BVU8W5qaskHfBp","workflowName":"My workflow","executionId":"330","nodeType":"n8n-nodes-base.telegram","nodeName":"Delete a chat message1","nodeId":"767017f6-795e-494a-9b91-88d054cb8e09"}}
{"__type":"$$EventMessageConfirm","confirm":"f3c60c09-f2ac-441c-97ed-226911958d8e","ts":"2026-06-30T06:37:51.148-04:00","source":{"id":"0","name":"eventBus"}}
{"__type":"$$EventMessageNode","id":"49da595b-1d08-4e23-89bb-586e861a6c3d","ts":"2026-06-30T06:37:51.263-04:00","eventName":"n8n.node.finished","message":"n8n.node.finished","payload":{"workflowId":"C4BVU8W5qaskHfBp","workflowName":"My workflow","executionId":"330","nodeType":"n8n-nodes-base.telegram","nodeName":"Delete a chat message1","nodeId":"767017f6-795e-494a-9b91-88d054cb8e09"}}
{"__type":"$$EventMessageConfirm","confirm":"49da595b-1d08-4e23-89bb-586e861a6c3d","ts":"2026-06-30T06:37:51.263-04:00","source":{"id":"0","name":"eventBus"}}
{"__type":"$$EventMessageNode","id":"27a14629-acd2-4e04-8506-91e140a63406","ts":"2026-06-30T06:37:51.264-04:00","eventName":"n8n.node.started","message":"n8n.node.started","payload":{"workflowId":"C4BVU8W5qaskHfBp","workflowName":"My workflow","executionId":"330","nodeType":"n8n-nodes-base.wait","nodeName":"Wait","nodeId":"af2f3e18-626a-4326-a1cf-0015d5da87e9"}}
{"__type":"$$EventMessageConfirm","confirm":"27a14629-acd2-4e04-8506-91e140a63406","ts":"2026-06-30T06:37:51.264-04:00","source":{"id":"0","name":"eventBus"}}
{"__type":"$$EventMessageNode","id":"7f916067-678c-435c-b643-c0ff3ba08d0b","ts":"2026-06-30T06:37:56.266-04:00","eventName":"n8n.node.finished","message":"n8n.node.finished","payload":{"workflowId":"C4BVU8W5qaskHfBp","workflowName":"My workflow","executionId":"330","nodeType":"n8n-nodes-base.wait","nodeName":"Wait","nodeId":"af2f3e18-626a-4326-a1cf-0015d5da87e9"}}
{"__type":"$$EventMessageConfirm","confirm":"7f916067-678c-435c-b643-c0ff3ba08d0b","ts":"2026-06-30T06:37:56.266-04:00","source":{"id":"0","name":"eventBus"}}
{"__type":"$$EventMessageNode","id":"6bb027f8-6a67-4c53-950e-ceb0cc90671f","ts":"2026-06-30T06:37:56.266-04:00","eventName":"n8n.node.started","message":"n8n.node.started","payload":{"workflowId":"C4BVU8W5qaskHfBp","workflowName":"My workflow","executionId":"330","nodeType":"n8n-nodes-base.telegram","nodeName":"Delete a chat message","nodeId":"85fd3282-dc26-4bea-b796-32f229d503f7"}}
{"__type":"$$EventMessageConfirm","confirm":"6bb027f8-6a67-4c53-950e-ceb0cc90671f","ts":"2026-06-30T06:37:56.266-04:00","source":{"id":"0","name":"eventBus"}}
{"__type":"$$EventMessageNode","id":"58c148c2-a4c0-41cf-8ff3-2f5840d3d95b","ts":"2026-06-30T06:37:56.513-04:00","eventName":"n8n.node.finished","message":"n8n.node.finished","payload":{"workflowId":"C4BVU8W5qaskHfBp","workflowName":"My workflow","executionId":"330","nodeType":"n8n-nodes-base.telegram","nodeName":"Delete a chat message","nodeId":"85fd3282-dc26-4bea-b796-32f229d503f7"}}
{"__type":"$$EventMessageConfirm","confirm":"58c148c2-a4c0-41cf-8ff3-2f5840d3d95b","ts":"2026-06-30T06:37:56.513-04:00","source":{"id":"0","name":"eventBus"}}
{"__type":"$$EventMessageWorkflow","id":"e290712e-586e-46b0-88ad-1193d8304b4a","ts":"2026-06-30T06:37:56.514-04:00","eventName":"n8n.workflow.success","message":"n8n.workflow.success","payload":{"executionId":"330","success":true,"isManual":false,"mode":"webhook","workflowId":"C4BVU8W5qaskHfBp","workflowName":"My workflow","projectId":"8SBGRU5FRx0MMSdb","projectName":"david plecko <pleckolabs@gmail.com>"}}
{"__type":"$$EventMessageConfirm","confirm":"e290712e-586e-46b0-88ad-1193d8304b4a","ts":"2026-06-30T06:37:56.515-04:00","source":{"id":"0","name":"eventBus"}}
{"__type":"$$EventMessageAudit","id":"6a8b25ef-09a9-4f8d-9d47-bc670a8cb237","ts":"2026-06-30T06:38:14.246-04:00","eventName":"n8n.audit.workflow.executed","message":"n8n.audit.workflow.executed","payload":{"workflowId":"C4BVU8W5qaskHfBp","workflowName":"My workflow","executionId":"331","source":"webhook"}}
{"__type":"$$EventMessageConfirm","confirm":"6a8b25ef-09a9-4f8d-9d47-bc670a8cb237","ts":"2026-06-30T06:38:14.246-04:00","source":{"id":"0","name":"eventBus"}}
{"__type":"$$EventMessageWorkflow","id":"e89f9a40-0b63-47e6-9bf1-b020cfc5d057","ts":"2026-06-30T06:38:14.247-04:00","eventName":"n8n.workflow.started","message":"n8n.workflow.started","payload":{"executionId":"331","workflowId":"C4BVU8W5qaskHfBp","isManual":false,"mode":"webhook","workflowName":"My workflow","projectId":"8SBGRU5FRx0MMSdb","projectName":"david plecko <pleckolabs@gmail.com>"}}
{"__type":"$$EventMessageConfirm","confirm":"e89f9a40-0b63-47e6-9bf1-b020cfc5d057","ts":"2026-06-30T06:38:14.247-04:00","source":{"id":"0","name":"eventBus"}}
{"__type":"$$EventMessageNode","id":"2f688ae2-6293-4c6f-b59a-8b096fa9dc83","ts":"2026-06-30T06:38:14.247-04:00","eventName":"n8n.node.started","message":"n8n.node.started","payload":{"workflowId":"C4BVU8W5qaskHfBp","workflowName":"My workflow","executionId":"331","nodeType":"n8n-nodes-base.telegramTrigger","nodeName":"Telegram Trigger","nodeId":"0d47bec0-a053-42fe-a412-b790c37047f3"}}
{"__type":"$$EventMessageConfirm","confirm":"2f688ae2-6293-4c6f-b59a-8b096fa9dc83","ts":"2026-06-30T06:38:14.247-04:00","source":{"id":"0","name":"eventBus"}}
{"__type":"$$EventMessageNode","id":"16ffa31b-fdfc-44b8-a4d8-274470e08127","ts":"2026-06-30T06:38:14.249-04:00","eventName":"n8n.node.finished","message":"n8n.node.finished","payload":{"workflowId":"C4BVU8W5qaskHfBp","workflowName":"My workflow","executionId":"331","nodeType":"n8n-nodes-base.telegramTrigger","nodeName":"Telegram Trigger","nodeId":"0d47bec0-a053-42fe-a412-b790c37047f3"}}
{"__type":"$$EventMessageConfirm","confirm":"16ffa31b-fdfc-44b8-a4d8-274470e08127","ts":"2026-06-30T06:38:14.249-04:00","source":{"id":"0","name":"eventBus"}}
{"__type":"$$EventMessageNode","id":"bdbf0de8-de25-45d8-bba2-8516b058acf1","ts":"2026-06-30T06:38:14.249-04:00","eventName":"n8n.node.started","message":"n8n.node.started","payload":{"workflowId":"C4BVU8W5qaskHfBp","workflowName":"My workflow","executionId":"331","nodeType":"n8n-nodes-base.if","nodeName":"If3","nodeId":"88cef35c-ad16-4af4-895c-643ec67e55ba"}}
{"__type":"$$EventMessageConfirm","confirm":"bdbf0de8-de25-45d8-bba2-8516b058acf1","ts":"2026-06-30T06:38:14.249-04:00","source":{"id":"0","name":"eventBus"}}
{"__type":"$$EventMessageNode","id":"fb551d10-1d5d-4259-81d3-d484f1fc0305","ts":"2026-06-30T06:38:14.252-04:00","eventName":"n8n.node.finished","message":"n8n.node.finished","payload":{"workflowId":"C4BVU8W5qaskHfBp","workflowName":"My workflow","executionId":"331","nodeType":"n8n-nodes-base.if","nodeName":"If3","nodeId":"88cef35c-ad16-4af4-895c-643ec67e55ba"}}
{"__type":"$$EventMessageConfirm","confirm":"fb551d10-1d5d-4259-81d3-d484f1fc0305","ts":"2026-06-30T06:38:14.252-04:00","source":{"id":"0","name":"eventBus"}}
{"__type":"$$EventMessageNode","id":"65f09c90-d0ad-415d-99a3-72d96462a107","ts":"2026-06-30T06:38:14.252-04:00","eventName":"n8n.node.started","message":"n8n.node.started","payload":{"workflowId":"C4BVU8W5qaskHfBp","workflowName":"My workflow","executionId":"331","nodeType":"n8n-nodes-base.if","nodeName":"If2","nodeId":"1102bb1b-40ac-4086-aee6-17a0f984dc67"}}
{"__type":"$$EventMessageConfirm","confirm":"65f09c90-d0ad-415d-99a3-72d96462a107","ts":"2026-06-30T06:38:14.252-04:00","source":{"id":"0","name":"eventBus"}}
{"__type":"$$EventMessageNode","id":"6ff8c383-d867-44d0-beb9-ebb0806bfd9a","ts":"2026-06-30T06:38:14.254-04:00","eventName":"n8n.node.finished","message":"n8n.node.finished","payload":{"workflowId":"C4BVU8W5qaskHfBp","workflowName":"My workflow","executionId":"331","nodeType":"n8n-nodes-base.if","nodeName":"If2","nodeId":"1102bb1b-40ac-4086-aee6-17a0f984dc67"}}
{"__type":"$$EventMessageConfirm","confirm":"6ff8c383-d867-44d0-beb9-ebb0806bfd9a","ts":"2026-06-30T06:38:14.254-04:00","source":{"id":"0","name":"eventBus"}}
{"__type":"$$EventMessageNode","id":"c6ef7a82-0005-4066-8103-dc35a62c34db","ts":"2026-06-30T06:38:14.254-04:00","eventName":"n8n.node.started","message":"n8n.node.started","payload":{"workflowId":"C4BVU8W5qaskHfBp","workflowName":"My workflow","executionId":"331","nodeType":"n8n-nodes-base.telegram","nodeName":"Get a file","nodeId":"9a76aea9-8987-4c33-9655-1c4a622b3c0e"}}
{"__type":"$$EventMessageConfirm","confirm":"c6ef7a82-0005-4066-8103-dc35a62c34db","ts":"2026-06-30T06:38:14.255-04:00","source":{"id":"0","name":"eventBus"}}
{"__type":"$$EventMessageAudit","id":"6c187020-caa6-4d2a-98fa-ef90b1fa7d4f","ts":"2026-06-30T06:38:14.409-04:00","eventName":"n8n.audit.workflow.executed","message":"n8n.audit.workflow.executed","payload":{"workflowId":"C4BVU8W5qaskHfBp","workflowName":"My workflow","executionId":"332","source":"webhook"}}
{"__type":"$$EventMessageConfirm","confirm":"6c187020-caa6-4d2a-98fa-ef90b1fa7d4f","ts":"2026-06-30T06:38:14.409-04:00","source":{"id":"0","name":"eventBus"}}
{"__type":"$$EventMessageWorkflow","id":"a47795f8-1963-4750-ae3b-127bcb6ac665","ts":"2026-06-30T06:38:14.409-04:00","eventName":"n8n.workflow.started","message":"n8n.workflow.started","payload":{"executionId":"332","workflowId":"C4BVU8W5qaskHfBp","isManual":false,"mode":"webhook","workflowName":"My workflow","projectId":"8SBGRU5FRx0MMSdb","projectName":"david plecko <pleckolabs@gmail.com>"}}
{"__type":"$$EventMessageConfirm","confirm":"a47795f8-1963-4750-ae3b-127bcb6ac665","ts":"2026-06-30T06:38:14.409-04:00","source":{"id":"0","name":"eventBus"}}
{"__type":"$$EventMessageNode","id":"ef413a7a-1c40-4b47-bc9b-7da082d741a3","ts":"2026-06-30T06:38:14.409-04:00","eventName":"n8n.node.started","message":"n8n.node.started","payload":{"workflowId":"C4BVU8W5qaskHfBp","workflowName":"My workflow","executionId":"332","nodeType":"n8n-nodes-base.telegramTrigger","nodeName":"Telegram Trigger","nodeId":"0d47bec0-a053-42fe-a412-b790c37047f3"}}
{"__type":"$$EventMessageConfirm","confirm":"ef413a7a-1c40-4b47-bc9b-7da082d741a3","ts":"2026-06-30T06:38:14.410-04:00","source":{"id":"0","name":"eventBus"}}
{"__type":"$$EventMessageNode","id":"0db7744a-d830-4420-8ef8-37adc24884fd","ts":"2026-06-30T06:38:14.411-04:00","eventName":"n8n.node.finished","message":"n8n.node.finished","payload":{"workflowId":"C4BVU8W5qaskHfBp","workflowName":"My workflow","executionId":"332","nodeType":"n8n-nodes-base.telegramTrigger","nodeName":"Telegram Trigger","nodeId":"0d47bec0-a053-42fe-a412-b790c37047f3"}}
{"__type":"$$EventMessageConfirm","confirm":"0db7744a-d830-4420-8ef8-37adc24884fd","ts":"2026-06-30T06:38:14.411-04:00","source":{"id":"0","name":"eventBus"}}
{"__type":"$$EventMessageNode","id":"9532b8d4-3826-44d8-a040-6e04ee98653b","ts":"2026-06-30T06:38:14.412-04:00","eventName":"n8n.node.started","message":"n8n.node.started","payload":{"workflowId":"C4BVU8W5qaskHfBp","workflowName":"My workflow","executionId":"332","nodeType":"n8n-nodes-base.if","nodeName":"If3","nodeId":"88cef35c-ad16-4af4-895c-643ec67e55ba"}}
{"__type":"$$EventMessageConfirm","confirm":"9532b8d4-3826-44d8-a040-6e04ee98653b","ts":"2026-06-30T06:38:14.412-04:00","source":{"id":"0","name":"eventBus"}}
{"__type":"$$EventMessageNode","id":"3025983e-c7f3-4446-b0bc-2b1c2d5a2589","ts":"2026-06-30T06:38:14.413-04:00","eventName":"n8n.node.finished","message":"n8n.node.finished","payload":{"workflowId":"C4BVU8W5qaskHfBp","workflowName":"My workflow","executionId":"332","nodeType":"n8n-nodes-base.if","nodeName":"If3","nodeId":"88cef35c-ad16-4af4-895c-643ec67e55ba"}}
{"__type":"$$EventMessageConfirm","confirm":"3025983e-c7f3-4446-b0bc-2b1c2d5a2589","ts":"2026-06-30T06:38:14.413-04:00","source":{"id":"0","name":"eventBus"}}
{"__type":"$$EventMessageNode","id":"0a313cca-0c9f-4476-afe9-ea9d9cf30a1d","ts":"2026-06-30T06:38:14.414-04:00","eventName":"n8n.node.started","message":"n8n.node.started","payload":{"workflowId":"C4BVU8W5qaskHfBp","workflowName":"My workflow","executionId":"332","nodeType":"n8n-nodes-base.if","nodeName":"If2","nodeId":"1102bb1b-40ac-4086-aee6-17a0f984dc67"}}
{"__type":"$$EventMessageConfirm","confirm":"0a313cca-0c9f-4476-afe9-ea9d9cf30a1d","ts":"2026-06-30T06:38:14.414-04:00","source":{"id":"0","name":"eventBus"}}
{"__type":"$$EventMessageNode","id":"bfed6472-de42-474b-9156-19c8095c701e","ts":"2026-06-30T06:38:14.415-04:00","eventName":"n8n.node.finished","message":"n8n.node.finished","payload":{"workflowId":"C4BVU8W5qaskHfBp","workflowName":"My workflow","executionId":"332","nodeType":"n8n-nodes-base.if","nodeName":"If2","nodeId":"1102bb1b-40ac-4086-aee6-17a0f984dc67"}}
{"__type":"$$EventMessageConfirm","confirm":"bfed6472-de42-474b-9156-19c8095c701e","ts":"2026-06-30T06:38:14.415-04:00","source":{"id":"0","name":"eventBus"}}
{"__type":"$$EventMessageNode","id":"21d76fce-b1d0-42c2-b6d8-ae5624f04a9e","ts":"2026-06-30T06:38:14.416-04:00","eventName":"n8n.node.started","message":"n8n.node.started","payload":{"workflowId":"C4BVU8W5qaskHfBp","workflowName":"My workflow","executionId":"332","nodeType":"n8n-nodes-base.telegram","nodeName":"Get a file","nodeId":"9a76aea9-8987-4c33-9655-1c4a622b3c0e"}}
{"__type":"$$EventMessageConfirm","confirm":"21d76fce-b1d0-42c2-b6d8-ae5624f04a9e","ts":"2026-06-30T06:38:14.416-04:00","source":{"id":"0","name":"eventBus"}}
{"__type":"$$EventMessageAudit","id":"51e8862b-371c-4ba7-89ae-ebd33f448eef","ts":"2026-06-30T06:38:14.563-04:00","eventName":"n8n.audit.workflow.executed","message":"n8n.audit.workflow.executed","payload":{"workflowId":"C4BVU8W5qaskHfBp","workflowName":"My workflow","executionId":"333","source":"webhook"}}
{"__type":"$$EventMessageConfirm","confirm":"51e8862b-371c-4ba7-89ae-ebd33f448eef","ts":"2026-06-30T06:38:14.563-04:00","source":{"id":"0","name":"eventBus"}}
{"__type":"$$EventMessageWorkflow","id":"dffa97fd-334b-47eb-a4e7-5f25b54be404","ts":"2026-06-30T06:38:14.564-04:00","eventName":"n8n.workflow.started","message":"n8n.workflow.started","payload":{"executionId":"333","workflowId":"C4BVU8W5qaskHfBp","isManual":false,"mode":"webhook","workflowName":"My workflow","projectId":"8SBGRU5FRx0MMSdb","projectName":"david plecko <pleckolabs@gmail.com>"}}
{"__type":"$$EventMessageConfirm","confirm":"dffa97fd-334b-47eb-a4e7-5f25b54be404","ts":"2026-06-30T06:38:14.564-04:00","source":{"id":"0","name":"eventBus"}}
{"__type":"$$EventMessageNode","id":"d715e621-2b65-482a-85f8-8d4781c85eb8","ts":"2026-06-30T06:38:14.564-04:00","eventName":"n8n.node.started","message":"n8n.node.started","payload":{"workflowId":"C4BVU8W5qaskHfBp","workflowName":"My workflow","executionId":"333","nodeType":"n8n-nodes-base.telegramTrigger","nodeName":"Telegram Trigger","nodeId":"0d47bec0-a053-42fe-a412-b790c37047f3"}}
{"__type":"$$EventMessageConfirm","confirm":"d715e621-2b65-482a-85f8-8d4781c85eb8","ts":"2026-06-30T06:38:14.564-04:00","source":{"id":"0","name":"eventBus"}}
{"__type":"$$EventMessageNode","id":"91041f11-e9c7-4bf3-901b-e4c4c6950429","ts":"2026-06-30T06:38:14.565-04:00","eventName":"n8n.node.finished","message":"n8n.node.finished","payload":{"workflowId":"C4BVU8W5qaskHfBp","workflowName":"My workflow","executionId":"333","nodeType":"n8n-nodes-base.telegramTrigger","nodeName":"Telegram Trigger","nodeId":"0d47bec0-a053-42fe-a412-b790c37047f3"}}
{"__type":"$$EventMessageConfirm","confirm":"91041f11-e9c7-4bf3-901b-e4c4c6950429","ts":"2026-06-30T06:38:14.566-04:00","source":{"id":"0","name":"eventBus"}}
{"__type":"$$EventMessageNode","id":"3da2ac87-2b36-42b9-a4ad-c1a1b4760064","ts":"2026-06-30T06:38:14.566-04:00","eventName":"n8n.node.started","message":"n8n.node.started","payload":{"workflowId":"C4BVU8W5qaskHfBp","workflowName":"My workflow","executionId":"333","nodeType":"n8n-nodes-base.if","nodeName":"If3","nodeId":"88cef35c-ad16-4af4-895c-643ec67e55ba"}}
{"__type":"$$EventMessageConfirm","confirm":"3da2ac87-2b36-42b9-a4ad-c1a1b4760064","ts":"2026-06-30T06:38:14.566-04:00","source":{"id":"0","name":"eventBus"}}
{"__type":"$$EventMessageNode","id":"8fd2657a-e96f-43b2-bff2-9c86aedaa286","ts":"2026-06-30T06:38:14.568-04:00","eventName":"n8n.node.finished","message":"n8n.node.finished","payload":{"workflowId":"C4BVU8W5qaskHfBp","workflowName":"My workflow","executionId":"333","nodeType":"n8n-nodes-base.if","nodeName":"If3","nodeId":"88cef35c-ad16-4af4-895c-643ec67e55ba"}}
{"__type":"$$EventMessageConfirm","confirm":"8fd2657a-e96f-43b2-bff2-9c86aedaa286","ts":"2026-06-30T06:38:14.568-04:00","source":{"id":"0","name":"eventBus"}}
{"__type":"$$EventMessageNode","id":"30150af2-450d-4176-91e9-95f4e80f31f3","ts":"2026-06-30T06:38:14.568-04:00","eventName":"n8n.node.started","message":"n8n.node.started","payload":{"workflowId":"C4BVU8W5qaskHfBp","workflowName":"My workflow","executionId":"333","nodeType":"n8n-nodes-base.if","nodeName":"If2","nodeId":"1102bb1b-40ac-4086-aee6-17a0f984dc67"}}
{"__type":"$$EventMessageConfirm","confirm":"30150af2-450d-4176-91e9-95f4e80f31f3","ts":"2026-06-30T06:38:14.568-04:00","source":{"id":"0","name":"eventBus"}}
{"__type":"$$EventMessageNode","id":"b7a6c8b8-826a-4892-88b2-44130b30c7a7","ts":"2026-06-30T06:38:14.570-04:00","eventName":"n8n.node.finished","message":"n8n.node.finished","payload":{"workflowId":"C4BVU8W5qaskHfBp","workflowName":"My workflow","executionId":"333","nodeType":"n8n-nodes-base.if","nodeName":"If2","nodeId":"1102bb1b-40ac-4086-aee6-17a0f984dc67"}}
{"__type":"$$EventMessageConfirm","confirm":"b7a6c8b8-826a-4892-88b2-44130b30c7a7","ts":"2026-06-30T06:38:14.570-04:00","source":{"id":"0","name":"eventBus"}}
{"__type":"$$EventMessageNode","id":"908e0c24-7412-461a-acea-ecac0e251fc5","ts":"2026-06-30T06:38:14.570-04:00","eventName":"n8n.node.started","message":"n8n.node.started","payload":{"workflowId":"C4BVU8W5qaskHfBp","workflowName":"My workflow","executionId":"333","nodeType":"n8n-nodes-base.telegram","nodeName":"Get a file","nodeId":"9a76aea9-8987-4c33-9655-1c4a622b3c0e"}}
{"__type":"$$EventMessageConfirm","confirm":"908e0c24-7412-461a-acea-ecac0e251fc5","ts":"2026-06-30T06:38:14.570-04:00","source":{"id":"0","name":"eventBus"}}
{"__type":"$$EventMessageNode","id":"99120d3e-459a-439f-9bbd-00f5b19bccc6","ts":"2026-06-30T06:38:14.588-04:00","eventName":"n8n.node.finished","message":"n8n.node.finished","payload":{"workflowId":"C4BVU8W5qaskHfBp","workflowName":"My workflow","executionId":"331","nodeType":"n8n-nodes-base.telegram","nodeName":"Get a file","nodeId":"9a76aea9-8987-4c33-9655-1c4a622b3c0e"}}
{"__type":"$$EventMessageConfirm","confirm":"99120d3e-459a-439f-9bbd-00f5b19bccc6","ts":"2026-06-30T06:38:14.588-04:00","source":{"id":"0","name":"eventBus"}}
{"__type":"$$EventMessageNode","id":"e6d568e3-efb6-417f-86ac-70229c67c8bf","ts":"2026-06-30T06:38:14.588-04:00","eventName":"n8n.node.started","message":"n8n.node.started","payload":{"workflowId":"C4BVU8W5qaskHfBp","workflowName":"My workflow","executionId":"331","nodeType":"n8n-nodes-base.if","nodeName":"If","nodeId":"7db9cf72-934d-4cea-8296-d648b3f605bf"}}
{"__type":"$$EventMessageConfirm","confirm":"e6d568e3-efb6-417f-86ac-70229c67c8bf","ts":"2026-06-30T06:38:14.588-04:00","source":{"id":"0","name":"eventBus"}}
{"__type":"$$EventMessageNode","id":"ab2c033f-16b1-436a-8ec8-c1b85c3f16b3","ts":"2026-06-30T06:38:14.591-04:00","eventName":"n8n.node.finished","message":"n8n.node.finished","payload":{"workflowId":"C4BVU8W5qaskHfBp","workflowName":"My workflow","executionId":"331","nodeType":"n8n-nodes-base.if","nodeName":"If","nodeId":"7db9cf72-934d-4cea-8296-d648b3f605bf"}}
{"__type":"$$EventMessageConfirm","confirm":"ab2c033f-16b1-436a-8ec8-c1b85c3f16b3","ts":"2026-06-30T06:38:14.591-04:00","source":{"id":"0","name":"eventBus"}}
{"__type":"$$EventMessageNode","id":"68969210-ca72-4605-88b4-1f832b33cbfc","ts":"2026-06-30T06:38:14.591-04:00","eventName":"n8n.node.started","message":"n8n.node.started","payload":{"workflowId":"C4BVU8W5qaskHfBp","workflowName":"My workflow","executionId":"331","nodeType":"n8n-nodes-base.httpRequest","nodeName":"HTTP Request","nodeId":"e7da74da-68b2-4dfc-975e-df7bbb7f420e"}}
{"__type":"$$EventMessageConfirm","confirm":"68969210-ca72-4605-88b4-1f832b33cbfc","ts":"2026-06-30T06:38:14.591-04:00","source":{"id":"0","name":"eventBus"}}
{"__type":"$$EventMessageNode","id":"12adcb85-f703-4c43-b476-eb42d72c5db8","ts":"2026-06-30T06:38:14.910-04:00","eventName":"n8n.node.finished","message":"n8n.node.finished","payload":{"workflowId":"C4BVU8W5qaskHfBp","workflowName":"My workflow","executionId":"332","nodeType":"n8n-nodes-base.telegram","nodeName":"Get a file","nodeId":"9a76aea9-8987-4c33-9655-1c4a622b3c0e"}}
{"__type":"$$EventMessageConfirm","confirm":"12adcb85-f703-4c43-b476-eb42d72c5db8","ts":"2026-06-30T06:38:14.910-04:00","source":{"id":"0","name":"eventBus"}}
{"__type":"$$EventMessageNode","id":"dbbea4bc-e35c-4194-84d1-d9ecfdd798bb","ts":"2026-06-30T06:38:14.910-04:00","eventName":"n8n.node.started","message":"n8n.node.started","payload":{"workflowId":"C4BVU8W5qaskHfBp","workflowName":"My workflow","executionId":"332","nodeType":"n8n-nodes-base.if","nodeName":"If","nodeId":"7db9cf72-934d-4cea-8296-d648b3f605bf"}}
{"__type":"$$EventMessageConfirm","confirm":"dbbea4bc-e35c-4194-84d1-d9ecfdd798bb","ts":"2026-06-30T06:38:14.910-04:00","source":{"id":"0","name":"eventBus"}}
{"__type":"$$EventMessageNode","id":"3deca640-4305-4e45-876a-5a1e94d00953","ts":"2026-06-30T06:38:14.913-04:00","eventName":"n8n.node.finished","message":"n8n.node.finished","payload":{"workflowId":"C4BVU8W5qaskHfBp","workflowName":"My workflow","executionId":"332","nodeType":"n8n-nodes-base.if","nodeName":"If","nodeId":"7db9cf72-934d-4cea-8296-d648b3f605bf"}}
{"__type":"$$EventMessageConfirm","confirm":"3deca640-4305-4e45-876a-5a1e94d00953","ts":"2026-06-30T06:38:14.913-04:00","source":{"id":"0","name":"eventBus"}}
{"__type":"$$EventMessageNode","id":"3a36f51a-9fa0-4c54-acca-bbd5bb484d74","ts":"2026-06-30T06:38:14.913-04:00","eventName":"n8n.node.started","message":"n8n.node.started","payload":{"workflowId":"C4BVU8W5qaskHfBp","workflowName":"My workflow","executionId":"332","nodeType":"n8n-nodes-base.httpRequest","nodeName":"HTTP Request","nodeId":"e7da74da-68b2-4dfc-975e-df7bbb7f420e"}}
{"__type":"$$EventMessageConfirm","confirm":"3a36f51a-9fa0-4c54-acca-bbd5bb484d74","ts":"2026-06-30T06:38:14.913-04:00","source":{"id":"0","name":"eventBus"}}
{"__type":"$$EventMessageNode","id":"66036d38-ce07-47cd-b579-e97548905f10","ts":"2026-06-30T06:38:14.985-04:00","eventName":"n8n.node.finished","message":"n8n.node.finished","payload":{"workflowId":"C4BVU8W5qaskHfBp","workflowName":"My workflow","executionId":"333","nodeType":"n8n-nodes-base.telegram","nodeName":"Get a file","nodeId":"9a76aea9-8987-4c33-9655-1c4a622b3c0e"}}
{"__type":"$$EventMessageConfirm","confirm":"66036d38-ce07-47cd-b579-e97548905f10","ts":"2026-06-30T06:38:14.985-04:00","source":{"id":"0","name":"eventBus"}}
{"__type":"$$EventMessageNode","id":"fef1fbe4-4c6a-4cfb-a7f1-bf00fab8e9ee","ts":"2026-06-30T06:38:14.985-04:00","eventName":"n8n.node.started","message":"n8n.node.started","payload":{"workflowId":"C4BVU8W5qaskHfBp","workflowName":"My workflow","executionId":"333","nodeType":"n8n-nodes-base.if","nodeName":"If","nodeId":"7db9cf72-934d-4cea-8296-d648b3f605bf"}}
{"__type":"$$EventMessageConfirm","confirm":"fef1fbe4-4c6a-4cfb-a7f1-bf00fab8e9ee","ts":"2026-06-30T06:38:14.985-04:00","source":{"id":"0","name":"eventBus"}}
{"__type":"$$EventMessageNode","id":"da08fc86-a065-411f-9e61-b6bc1f867b82","ts":"2026-06-30T06:38:14.988-04:00","eventName":"n8n.node.finished","message":"n8n.node.finished","payload":{"workflowId":"C4BVU8W5qaskHfBp","workflowName":"My workflow","executionId":"333","nodeType":"n8n-nodes-base.if","nodeName":"If","nodeId":"7db9cf72-934d-4cea-8296-d648b3f605bf"}}
{"__type":"$$EventMessageConfirm","confirm":"da08fc86-a065-411f-9e61-b6bc1f867b82","ts":"2026-06-30T06:38:14.988-04:00","source":{"id":"0","name":"eventBus"}}
{"__type":"$$EventMessageNode","id":"333bb301-7331-4a99-992a-bb0ec416d6ce","ts":"2026-06-30T06:38:14.988-04:00","eventName":"n8n.node.started","message":"n8n.node.started","payload":{"workflowId":"C4BVU8W5qaskHfBp","workflowName":"My workflow","executionId":"333","nodeType":"n8n-nodes-base.httpRequest","nodeName":"HTTP Request","nodeId":"e7da74da-68b2-4dfc-975e-df7bbb7f420e"}}
{"__type":"$$EventMessageConfirm","confirm":"333bb301-7331-4a99-992a-bb0ec416d6ce","ts":"2026-06-30T06:38:14.988-04:00","source":{"id":"0","name":"eventBus"}}
{"__type":"$$EventMessageNode","id":"a66f3cfe-36b3-4917-bd4c-8ed149811a46","ts":"2026-06-30T06:40:31.357-04:00","eventName":"n8n.node.finished","message":"n8n.node.finished","payload":{"workflowId":"C4BVU8W5qaskHfBp","workflowName":"My workflow","executionId":"331","nodeType":"n8n-nodes-base.httpRequest","nodeName":"HTTP Request","nodeId":"e7da74da-68b2-4dfc-975e-df7bbb7f420e"}}
{"__type":"$$EventMessageConfirm","confirm":"a66f3cfe-36b3-4917-bd4c-8ed149811a46","ts":"2026-06-30T06:40:31.358-04:00","source":{"id":"0","name":"eventBus"}}
{"__type":"$$EventMessageWorkflow","id":"04acaf45-9f8f-46c3-b433-a18c04ffb512","ts":"2026-06-30T06:40:31.358-04:00","eventName":"n8n.workflow.failed","message":"n8n.workflow.failed","payload":{"executionId":"331","success":false,"isManual":false,"mode":"webhook","workflowId":"C4BVU8W5qaskHfBp","workflowName":"My workflow","projectId":"8SBGRU5FRx0MMSdb","projectName":"david plecko <pleckolabs@gmail.com>","lastNodeExecuted":"HTTP Request","errorNodeType":"n8n-nodes-base.httpRequest","errorMessage":"The connection timed out, consider setting the 'Retry on Fail' option in the node settings"}}
{"__type":"$$EventMessageConfirm","confirm":"04acaf45-9f8f-46c3-b433-a18c04ffb512","ts":"2026-06-30T06:40:31.358-04:00","source":{"id":"0","name":"eventBus"}}
{"__type":"$$EventMessageNode","id":"e999d713-a429-461d-800b-6c72ce88842b","ts":"2026-06-30T06:40:31.361-04:00","eventName":"n8n.node.finished","message":"n8n.node.finished","payload":{"workflowId":"C4BVU8W5qaskHfBp","workflowName":"My workflow","executionId":"332","nodeType":"n8n-nodes-base.httpRequest","nodeName":"HTTP Request","nodeId":"e7da74da-68b2-4dfc-975e-df7bbb7f420e"}}
{"__type":"$$EventMessageConfirm","confirm":"e999d713-a429-461d-800b-6c72ce88842b","ts":"2026-06-30T06:40:31.361-04:00","source":{"id":"0","name":"eventBus"}}
{"__type":"$$EventMessageWorkflow","id":"23e87514-8363-4465-bdd1-042999ccaa45","ts":"2026-06-30T06:40:31.361-04:00","eventName":"n8n.workflow.failed","message":"n8n.workflow.failed","payload":{"executionId":"332","success":false,"isManual":false,"mode":"webhook","workflowId":"C4BVU8W5qaskHfBp","workflowName":"My workflow","projectId":"8SBGRU5FRx0MMSdb","projectName":"david plecko <pleckolabs@gmail.com>","lastNodeExecuted":"HTTP Request","errorNodeType":"n8n-nodes-base.httpRequest","errorMessage":"The connection timed out, consider setting the 'Retry on Fail' option in the node settings"}}
{"__type":"$$EventMessageConfirm","confirm":"23e87514-8363-4465-bdd1-042999ccaa45","ts":"2026-06-30T06:40:31.361-04:00","source":{"id":"0","name":"eventBus"}}
{"__type":"$$EventMessageNode","id":"22e3b139-0359-4a1a-b6a6-a7e8b3236ee2","ts":"2026-06-30T06:40:31.363-04:00","eventName":"n8n.node.finished","message":"n8n.node.finished","payload":{"workflowId":"C4BVU8W5qaskHfBp","workflowName":"My workflow","executionId":"333","nodeType":"n8n-nodes-base.httpRequest","nodeName":"HTTP Request","nodeId":"e7da74da-68b2-4dfc-975e-df7bbb7f420e"}}
{"__type":"$$EventMessageConfirm","confirm":"22e3b139-0359-4a1a-b6a6-a7e8b3236ee2","ts":"2026-06-30T06:40:31.363-04:00","source":{"id":"0","name":"eventBus"}}
{"__type":"$$EventMessageWorkflow","id":"0e6fca44-8aaf-49d1-9f29-2cb1ed351f5d","ts":"2026-06-30T06:40:31.363-04:00","eventName":"n8n.workflow.failed","message":"n8n.workflow.failed","payload":{"executionId":"333","success":false,"isManual":false,"mode":"webhook","workflowId":"C4BVU8W5qaskHfBp","workflowName":"My workflow","projectId":"8SBGRU5FRx0MMSdb","projectName":"david plecko <pleckolabs@gmail.com>","lastNodeExecuted":"HTTP Request","errorNodeType":"n8n-nodes-base.httpRequest","errorMessage":"The connection timed out, consider setting the 'Retry on Fail' option in the node settings"}}
{"__type":"$$EventMessageConfirm","confirm":"0e6fca44-8aaf-49d1-9f29-2cb1ed351f5d","ts":"2026-06-30T06:40:31.363-04:00","source":{"id":"0","name":"eventBus"}}
{"__type":"$$EventMessageAudit","id":"f713e108-863b-4635-9a7c-aba910427a75","ts":"2026-06-30T06:40:44.706-04:00","eventName":"n8n.audit.workflow.executed","message":"n8n.audit.workflow.executed","payload":{"workflowId":"C4BVU8W5qaskHfBp","workflowName":"My workflow","executionId":"334","source":"webhook"}}
{"__type":"$$EventMessageConfirm","confirm":"f713e108-863b-4635-9a7c-aba910427a75","ts":"2026-06-30T06:40:44.706-04:00","source":{"id":"0","name":"eventBus"}}
{"__type":"$$EventMessageWorkflow","id":"9dc8c676-5279-4d7f-93b0-a3532c80b5e6","ts":"2026-06-30T06:40:44.706-04:00","eventName":"n8n.workflow.started","message":"n8n.workflow.started","payload":{"executionId":"334","workflowId":"C4BVU8W5qaskHfBp","isManual":false,"mode":"webhook","workflowName":"My workflow","projectId":"8SBGRU5FRx0MMSdb","projectName":"david plecko <pleckolabs@gmail.com>"}}
{"__type":"$$EventMessageConfirm","confirm":"9dc8c676-5279-4d7f-93b0-a3532c80b5e6","ts":"2026-06-30T06:40:44.706-04:00","source":{"id":"0","name":"eventBus"}}
{"__type":"$$EventMessageNode","id":"e2b31261-1b6c-47bc-a21b-14d1d7dbb363","ts":"2026-06-30T06:40:44.706-04:00","eventName":"n8n.node.started","message":"n8n.node.started","payload":{"workflowId":"C4BVU8W5qaskHfBp","workflowName":"My workflow","executionId":"334","nodeType":"n8n-nodes-base.telegramTrigger","nodeName":"Telegram Trigger","nodeId":"0d47bec0-a053-42fe-a412-b790c37047f3"}}
{"__type":"$$EventMessageConfirm","confirm":"e2b31261-1b6c-47bc-a21b-14d1d7dbb363","ts":"2026-06-30T06:40:44.706-04:00","source":{"id":"0","name":"eventBus"}}
{"__type":"$$EventMessageNode","id":"3f5fd54c-cf44-4197-82cb-f11772f8ca6b","ts":"2026-06-30T06:40:44.708-04:00","eventName":"n8n.node.finished","message":"n8n.node.finished","payload":{"workflowId":"C4BVU8W5qaskHfBp","workflowName":"My workflow","executionId":"334","nodeType":"n8n-nodes-base.telegramTrigger","nodeName":"Telegram Trigger","nodeId":"0d47bec0-a053-42fe-a412-b790c37047f3"}}
{"__type":"$$EventMessageConfirm","confirm":"3f5fd54c-cf44-4197-82cb-f11772f8ca6b","ts":"2026-06-30T06:40:44.708-04:00","source":{"id":"0","name":"eventBus"}}
{"__type":"$$EventMessageNode","id":"42f6c684-5c0f-4087-8a90-cd3c7f96ed77","ts":"2026-06-30T06:40:44.708-04:00","eventName":"n8n.node.started","message":"n8n.node.started","payload":{"workflowId":"C4BVU8W5qaskHfBp","workflowName":"My workflow","executionId":"334","nodeType":"n8n-nodes-base.if","nodeName":"If3","nodeId":"88cef35c-ad16-4af4-895c-643ec67e55ba"}}
{"__type":"$$EventMessageConfirm","confirm":"42f6c684-5c0f-4087-8a90-cd3c7f96ed77","ts":"2026-06-30T06:40:44.708-04:00","source":{"id":"0","name":"eventBus"}}
{"__type":"$$EventMessageNode","id":"9452f26d-a02b-4334-857c-d302ac09b49f","ts":"2026-06-30T06:40:44.709-04:00","eventName":"n8n.node.finished","message":"n8n.node.finished","payload":{"workflowId":"C4BVU8W5qaskHfBp","workflowName":"My workflow","executionId":"334","nodeType":"n8n-nodes-base.if","nodeName":"If3","nodeId":"88cef35c-ad16-4af4-895c-643ec67e55ba"}}
{"__type":"$$EventMessageConfirm","confirm":"9452f26d-a02b-4334-857c-d302ac09b49f","ts":"2026-06-30T06:40:44.709-04:00","source":{"id":"0","name":"eventBus"}}
{"__type":"$$EventMessageNode","id":"6ea0fd57-0a06-4e09-ab8d-3697d3b6b008","ts":"2026-06-30T06:40:44.710-04:00","eventName":"n8n.node.started","message":"n8n.node.started","payload":{"workflowId":"C4BVU8W5qaskHfBp","workflowName":"My workflow","executionId":"334","nodeType":"n8n-nodes-base.if","nodeName":"If2","nodeId":"1102bb1b-40ac-4086-aee6-17a0f984dc67"}}
{"__type":"$$EventMessageConfirm","confirm":"6ea0fd57-0a06-4e09-ab8d-3697d3b6b008","ts":"2026-06-30T06:40:44.710-04:00","source":{"id":"0","name":"eventBus"}}
{"__type":"$$EventMessageNode","id":"77770f2e-6dbb-4aa1-aa40-62f7c29fca1a","ts":"2026-06-30T06:40:44.711-04:00","eventName":"n8n.node.finished","message":"n8n.node.finished","payload":{"workflowId":"C4BVU8W5qaskHfBp","workflowName":"My workflow","executionId":"334","nodeType":"n8n-nodes-base.if","nodeName":"If2","nodeId":"1102bb1b-40ac-4086-aee6-17a0f984dc67"}}
{"__type":"$$EventMessageConfirm","confirm":"77770f2e-6dbb-4aa1-aa40-62f7c29fca1a","ts":"2026-06-30T06:40:44.711-04:00","source":{"id":"0","name":"eventBus"}}
{"__type":"$$EventMessageNode","id":"47946529-8552-4ada-864d-30dd1cdfba44","ts":"2026-06-30T06:40:44.711-04:00","eventName":"n8n.node.started","message":"n8n.node.started","payload":{"workflowId":"C4BVU8W5qaskHfBp","workflowName":"My workflow","executionId":"334","nodeType":"n8n-nodes-base.telegram","nodeName":"Get a file","nodeId":"9a76aea9-8987-4c33-9655-1c4a622b3c0e"}}
{"__type":"$$EventMessageConfirm","confirm":"47946529-8552-4ada-864d-30dd1cdfba44","ts":"2026-06-30T06:40:44.711-04:00","source":{"id":"0","name":"eventBus"}}
{"__type":"$$EventMessageNode","id":"500bf5ee-1f9d-4bd1-ac5e-f1ce47569e07","ts":"2026-06-30T06:40:45.249-04:00","eventName":"n8n.node.finished","message":"n8n.node.finished","payload":{"workflowId":"C4BVU8W5qaskHfBp","workflowName":"My workflow","executionId":"334","nodeType":"n8n-nodes-base.telegram","nodeName":"Get a file","nodeId":"9a76aea9-8987-4c33-9655-1c4a622b3c0e"}}
{"__type":"$$EventMessageConfirm","confirm":"500bf5ee-1f9d-4bd1-ac5e-f1ce47569e07","ts":"2026-06-30T06:40:45.249-04:00","source":{"id":"0","name":"eventBus"}}
{"__type":"$$EventMessageNode","id":"be5b2dbf-9ac1-4d35-a626-c07713b4e5db","ts":"2026-06-30T06:40:45.250-04:00","eventName":"n8n.node.started","message":"n8n.node.started","payload":{"workflowId":"C4BVU8W5qaskHfBp","workflowName":"My workflow","executionId":"334","nodeType":"n8n-nodes-base.if","nodeName":"If","nodeId":"7db9cf72-934d-4cea-8296-d648b3f605bf"}}
{"__type":"$$EventMessageConfirm","confirm":"be5b2dbf-9ac1-4d35-a626-c07713b4e5db","ts":"2026-06-30T06:40:45.250-04:00","source":{"id":"0","name":"eventBus"}}
{"__type":"$$EventMessageNode","id":"e9d1add1-0512-4185-95a1-0f83e8e0d3d5","ts":"2026-06-30T06:40:45.252-04:00","eventName":"n8n.node.finished","message":"n8n.node.finished","payload":{"workflowId":"C4BVU8W5qaskHfBp","workflowName":"My workflow","executionId":"334","nodeType":"n8n-nodes-base.if","nodeName":"If","nodeId":"7db9cf72-934d-4cea-8296-d648b3f605bf"}}
{"__type":"$$EventMessageConfirm","confirm":"e9d1add1-0512-4185-95a1-0f83e8e0d3d5","ts":"2026-06-30T06:40:45.252-04:00","source":{"id":"0","name":"eventBus"}}
{"__type":"$$EventMessageNode","id":"780776d4-3445-4f1c-84e5-6c09ea4a7598","ts":"2026-06-30T06:40:45.252-04:00","eventName":"n8n.node.started","message":"n8n.node.started","payload":{"workflowId":"C4BVU8W5qaskHfBp","workflowName":"My workflow","executionId":"334","nodeType":"n8n-nodes-base.httpRequest","nodeName":"HTTP Request","nodeId":"e7da74da-68b2-4dfc-975e-df7bbb7f420e"}}
{"__type":"$$EventMessageConfirm","confirm":"780776d4-3445-4f1c-84e5-6c09ea4a7598","ts":"2026-06-30T06:40:45.253-04:00","source":{"id":"0","name":"eventBus"}}
{"__type":"$$EventMessageAudit","id":"fc908ebb-2504-45f3-95fb-0263eaa9c327","ts":"2026-06-30T06:41:03.285-04:00","eventName":"n8n.audit.workflow.executed","message":"n8n.audit.workflow.executed","payload":{"workflowId":"C4BVU8W5qaskHfBp","workflowName":"My workflow","executionId":"335","source":"webhook"}}
{"__type":"$$EventMessageConfirm","confirm":"fc908ebb-2504-45f3-95fb-0263eaa9c327","ts":"2026-06-30T06:41:03.286-04:00","source":{"id":"0","name":"eventBus"}}
{"__type":"$$EventMessageWorkflow","id":"ef0c4628-3b85-4121-bf27-4f29c00e2fb7","ts":"2026-06-30T06:41:03.286-04:00","eventName":"n8n.workflow.started","message":"n8n.workflow.started","payload":{"executionId":"335","workflowId":"C4BVU8W5qaskHfBp","isManual":false,"mode":"webhook","workflowName":"My workflow","projectId":"8SBGRU5FRx0MMSdb","projectName":"david plecko <pleckolabs@gmail.com>"}}
{"__type":"$$EventMessageConfirm","confirm":"ef0c4628-3b85-4121-bf27-4f29c00e2fb7","ts":"2026-06-30T06:41:03.286-04:00","source":{"id":"0","name":"eventBus"}}
{"__type":"$$EventMessageNode","id":"dfd6fac5-515a-434d-bcd9-44ec3bfaf42f","ts":"2026-06-30T06:41:03.286-04:00","eventName":"n8n.node.started","message":"n8n.node.started","payload":{"workflowId":"C4BVU8W5qaskHfBp","workflowName":"My workflow","executionId":"335","nodeType":"n8n-nodes-base.telegramTrigger","nodeName":"Telegram Trigger","nodeId":"0d47bec0-a053-42fe-a412-b790c37047f3"}}
{"__type":"$$EventMessageConfirm","confirm":"dfd6fac5-515a-434d-bcd9-44ec3bfaf42f","ts":"2026-06-30T06:41:03.286-04:00","source":{"id":"0","name":"eventBus"}}
{"__type":"$$EventMessageNode","id":"4691b268-96bf-445c-b8df-68320c7a4fc4","ts":"2026-06-30T06:41:03.288-04:00","eventName":"n8n.node.finished","message":"n8n.node.finished","payload":{"workflowId":"C4BVU8W5qaskHfBp","workflowName":"My workflow","executionId":"335","nodeType":"n8n-nodes-base.telegramTrigger","nodeName":"Telegram Trigger","nodeId":"0d47bec0-a053-42fe-a412-b790c37047f3"}}
{"__type":"$$EventMessageConfirm","confirm":"4691b268-96bf-445c-b8df-68320c7a4fc4","ts":"2026-06-30T06:41:03.288-04:00","source":{"id":"0","name":"eventBus"}}
{"__type":"$$EventMessageNode","id":"16762be9-c823-4e84-883f-5980664da21a","ts":"2026-06-30T06:41:03.288-04:00","eventName":"n8n.node.started","message":"n8n.node.started","payload":{"workflowId":"C4BVU8W5qaskHfBp","workflowName":"My workflow","executionId":"335","nodeType":"n8n-nodes-base.if","nodeName":"If3","nodeId":"88cef35c-ad16-4af4-895c-643ec67e55ba"}}
{"__type":"$$EventMessageConfirm","confirm":"16762be9-c823-4e84-883f-5980664da21a","ts":"2026-06-30T06:41:03.288-04:00","source":{"id":"0","name":"eventBus"}}
{"__type":"$$EventMessageNode","id":"bda1b5d7-68ef-4fc6-a33b-a304c64bb1b6","ts":"2026-06-30T06:41:03.290-04:00","eventName":"n8n.node.finished","message":"n8n.node.finished","payload":{"workflowId":"C4BVU8W5qaskHfBp","workflowName":"My workflow","executionId":"335","nodeType":"n8n-nodes-base.if","nodeName":"If3","nodeId":"88cef35c-ad16-4af4-895c-643ec67e55ba"}}
{"__type":"$$EventMessageConfirm","confirm":"bda1b5d7-68ef-4fc6-a33b-a304c64bb1b6","ts":"2026-06-30T06:41:03.290-04:00","source":{"id":"0","name":"eventBus"}}
{"__type":"$$EventMessageNode","id":"875a0a54-19fb-4f62-8009-268993a47bc0","ts":"2026-06-30T06:41:03.290-04:00","eventName":"n8n.node.started","message":"n8n.node.started","payload":{"workflowId":"C4BVU8W5qaskHfBp","workflowName":"My workflow","executionId":"335","nodeType":"n8n-nodes-base.if","nodeName":"If2","nodeId":"1102bb1b-40ac-4086-aee6-17a0f984dc67"}}
{"__type":"$$EventMessageConfirm","confirm":"875a0a54-19fb-4f62-8009-268993a47bc0","ts":"2026-06-30T06:41:03.290-04:00","source":{"id":"0","name":"eventBus"}}
{"__type":"$$EventMessageNode","id":"0c449591-6ebb-432f-8239-20345719ce4a","ts":"2026-06-30T06:41:03.292-04:00","eventName":"n8n.node.finished","message":"n8n.node.finished","payload":{"workflowId":"C4BVU8W5qaskHfBp","workflowName":"My workflow","executionId":"335","nodeType":"n8n-nodes-base.if","nodeName":"If2","nodeId":"1102bb1b-40ac-4086-aee6-17a0f984dc67"}}
{"__type":"$$EventMessageConfirm","confirm":"0c449591-6ebb-432f-8239-20345719ce4a","ts":"2026-06-30T06:41:03.292-04:00","source":{"id":"0","name":"eventBus"}}
{"__type":"$$EventMessageNode","id":"29db779b-3746-4798-b094-63c6c5fb679c","ts":"2026-06-30T06:41:03.292-04:00","eventName":"n8n.node.started","message":"n8n.node.started","payload":{"workflowId":"C4BVU8W5qaskHfBp","workflowName":"My workflow","executionId":"335","nodeType":"n8n-nodes-base.telegram","nodeName":"Get a file","nodeId":"9a76aea9-8987-4c33-9655-1c4a622b3c0e"}}
{"__type":"$$EventMessageConfirm","confirm":"29db779b-3746-4798-b094-63c6c5fb679c","ts":"2026-06-30T06:41:03.292-04:00","source":{"id":"0","name":"eventBus"}}
{"__type":"$$EventMessageNode","id":"74252ebc-9970-489f-be91-1273ab7810e9","ts":"2026-06-30T06:41:03.655-04:00","eventName":"n8n.node.finished","message":"n8n.node.finished","payload":{"workflowId":"C4BVU8W5qaskHfBp","workflowName":"My workflow","executionId":"335","nodeType":"n8n-nodes-base.telegram","nodeName":"Get a file","nodeId":"9a76aea9-8987-4c33-9655-1c4a622b3c0e"}}
{"__type":"$$EventMessageConfirm","confirm":"74252ebc-9970-489f-be91-1273ab7810e9","ts":"2026-06-30T06:41:03.655-04:00","source":{"id":"0","name":"eventBus"}}
{"__type":"$$EventMessageNode","id":"362e2332-b793-4cac-87b7-8af6eaffd6ef","ts":"2026-06-30T06:41:03.655-04:00","eventName":"n8n.node.started","message":"n8n.node.started","payload":{"workflowId":"C4BVU8W5qaskHfBp","workflowName":"My workflow","executionId":"335","nodeType":"n8n-nodes-base.if","nodeName":"If","nodeId":"7db9cf72-934d-4cea-8296-d648b3f605bf"}}
{"__type":"$$EventMessageConfirm","confirm":"362e2332-b793-4cac-87b7-8af6eaffd6ef","ts":"2026-06-30T06:41:03.655-04:00","source":{"id":"0","name":"eventBus"}}
{"__type":"$$EventMessageNode","id":"b62d92ef-fc46-4693-be4d-ec94b3a928ba","ts":"2026-06-30T06:41:03.658-04:00","eventName":"n8n.node.finished","message":"n8n.node.finished","payload":{"workflowId":"C4BVU8W5qaskHfBp","workflowName":"My workflow","executionId":"335","nodeType":"n8n-nodes-base.if","nodeName":"If","nodeId":"7db9cf72-934d-4cea-8296-d648b3f605bf"}}
{"__type":"$$EventMessageConfirm","confirm":"b62d92ef-fc46-4693-be4d-ec94b3a928ba","ts":"2026-06-30T06:41:03.658-04:00","source":{"id":"0","name":"eventBus"}}
{"__type":"$$EventMessageNode","id":"c2e8f10f-b770-4c3b-8502-12febbc7a543","ts":"2026-06-30T06:41:03.658-04:00","eventName":"n8n.node.started","message":"n8n.node.started","payload":{"workflowId":"C4BVU8W5qaskHfBp","workflowName":"My workflow","executionId":"335","nodeType":"n8n-nodes-base.httpRequest","nodeName":"HTTP Request","nodeId":"e7da74da-68b2-4dfc-975e-df7bbb7f420e"}}
{"__type":"$$EventMessageConfirm","confirm":"c2e8f10f-b770-4c3b-8502-12febbc7a543","ts":"2026-06-30T06:41:03.658-04:00","source":{"id":"0","name":"eventBus"}}
{"__type":"$$EventMessageAudit","id":"9c2f3049-395f-4ad4-bdc7-881bfec152fb","ts":"2026-06-30T06:41:14.906-04:00","eventName":"n8n.audit.workflow.executed","message":"n8n.audit.workflow.executed","payload":{"workflowId":"C4BVU8W5qaskHfBp","workflowName":"My workflow","executionId":"336","source":"webhook"}}
{"__type":"$$EventMessageConfirm","confirm":"9c2f3049-395f-4ad4-bdc7-881bfec152fb","ts":"2026-06-30T06:41:14.906-04:00","source":{"id":"0","name":"eventBus"}}
{"__type":"$$EventMessageWorkflow","id":"5ad0c7b7-300e-4c1d-9bca-383d0723a82e","ts":"2026-06-30T06:41:14.907-04:00","eventName":"n8n.workflow.started","message":"n8n.workflow.started","payload":{"executionId":"336","workflowId":"C4BVU8W5qaskHfBp","isManual":false,"mode":"webhook","workflowName":"My workflow","projectId":"8SBGRU5FRx0MMSdb","projectName":"david plecko <pleckolabs@gmail.com>"}}
{"__type":"$$EventMessageConfirm","confirm":"5ad0c7b7-300e-4c1d-9bca-383d0723a82e","ts":"2026-06-30T06:41:14.907-04:00","source":{"id":"0","name":"eventBus"}}
{"__type":"$$EventMessageNode","id":"f840a766-55d3-41b8-be8b-aec582e25a36","ts":"2026-06-30T06:41:14.907-04:00","eventName":"n8n.node.started","message":"n8n.node.started","payload":{"workflowId":"C4BVU8W5qaskHfBp","workflowName":"My workflow","executionId":"336","nodeType":"n8n-nodes-base.telegramTrigger","nodeName":"Telegram Trigger","nodeId":"0d47bec0-a053-42fe-a412-b790c37047f3"}}
{"__type":"$$EventMessageConfirm","confirm":"f840a766-55d3-41b8-be8b-aec582e25a36","ts":"2026-06-30T06:41:14.907-04:00","source":{"id":"0","name":"eventBus"}}
{"__type":"$$EventMessageNode","id":"dbd02500-c713-495b-a787-20cafef2a30f","ts":"2026-06-30T06:41:14.908-04:00","eventName":"n8n.node.finished","message":"n8n.node.finished","payload":{"workflowId":"C4BVU8W5qaskHfBp","workflowName":"My workflow","executionId":"336","nodeType":"n8n-nodes-base.telegramTrigger","nodeName":"Telegram Trigger","nodeId":"0d47bec0-a053-42fe-a412-b790c37047f3"}}
{"__type":"$$EventMessageConfirm","confirm":"dbd02500-c713-495b-a787-20cafef2a30f","ts":"2026-06-30T06:41:14.909-04:00","source":{"id":"0","name":"eventBus"}}
{"__type":"$$EventMessageNode","id":"3dd6f2be-320b-427c-9d3f-2582edc61225","ts":"2026-06-30T06:41:14.909-04:00","eventName":"n8n.node.started","message":"n8n.node.started","payload":{"workflowId":"C4BVU8W5qaskHfBp","workflowName":"My workflow","executionId":"336","nodeType":"n8n-nodes-base.if","nodeName":"If3","nodeId":"88cef35c-ad16-4af4-895c-643ec67e55ba"}}
{"__type":"$$EventMessageConfirm","confirm":"3dd6f2be-320b-427c-9d3f-2582edc61225","ts":"2026-06-30T06:41:14.909-04:00","source":{"id":"0","name":"eventBus"}}
{"__type":"$$EventMessageNode","id":"b17c645e-83ce-428b-acc4-8291c099d69b","ts":"2026-06-30T06:41:14.912-04:00","eventName":"n8n.node.finished","message":"n8n.node.finished","payload":{"workflowId":"C4BVU8W5qaskHfBp","workflowName":"My workflow","executionId":"336","nodeType":"n8n-nodes-base.if","nodeName":"If3","nodeId":"88cef35c-ad16-4af4-895c-643ec67e55ba"}}
{"__type":"$$EventMessageConfirm","confirm":"b17c645e-83ce-428b-acc4-8291c099d69b","ts":"2026-06-30T06:41:14.912-04:00","source":{"id":"0","name":"eventBus"}}
{"__type":"$$EventMessageNode","id":"7f32b756-4e6c-419e-813b-1624d7702e5b","ts":"2026-06-30T06:41:14.912-04:00","eventName":"n8n.node.started","message":"n8n.node.started","payload":{"workflowId":"C4BVU8W5qaskHfBp","workflowName":"My workflow","executionId":"336","nodeType":"n8n-nodes-base.if","nodeName":"If2","nodeId":"1102bb1b-40ac-4086-aee6-17a0f984dc67"}}
{"__type":"$$EventMessageConfirm","confirm":"7f32b756-4e6c-419e-813b-1624d7702e5b","ts":"2026-06-30T06:41:14.913-04:00","source":{"id":"0","name":"eventBus"}}
{"__type":"$$EventMessageNode","id":"256b4fca-3366-4acb-9cb4-c2b07836271c","ts":"2026-06-30T06:41:14.914-04:00","eventName":"n8n.node.finished","message":"n8n.node.finished","payload":{"workflowId":"C4BVU8W5qaskHfBp","workflowName":"My workflow","executionId":"336","nodeType":"n8n-nodes-base.if","nodeName":"If2","nodeId":"1102bb1b-40ac-4086-aee6-17a0f984dc67"}}
{"__type":"$$EventMessageConfirm","confirm":"256b4fca-3366-4acb-9cb4-c2b07836271c","ts":"2026-06-30T06:41:14.914-04:00","source":{"id":"0","name":"eventBus"}}
{"__type":"$$EventMessageNode","id":"88d385ca-152d-4dcb-a33a-c4e6847326a2","ts":"2026-06-30T06:41:14.915-04:00","eventName":"n8n.node.started","message":"n8n.node.started","payload":{"workflowId":"C4BVU8W5qaskHfBp","workflowName":"My workflow","executionId":"336","nodeType":"n8n-nodes-base.telegram","nodeName":"Get a file","nodeId":"9a76aea9-8987-4c33-9655-1c4a622b3c0e"}}
{"__type":"$$EventMessageConfirm","confirm":"88d385ca-152d-4dcb-a33a-c4e6847326a2","ts":"2026-06-30T06:41:14.915-04:00","source":{"id":"0","name":"eventBus"}}
{"__type":"$$EventMessageNode","id":"95e090ea-5fef-4330-a38c-7545fa806f10","ts":"2026-06-30T06:41:15.243-04:00","eventName":"n8n.node.finished","message":"n8n.node.finished","payload":{"workflowId":"C4BVU8W5qaskHfBp","workflowName":"My workflow","executionId":"336","nodeType":"n8n-nodes-base.telegram","nodeName":"Get a file","nodeId":"9a76aea9-8987-4c33-9655-1c4a622b3c0e"}}
{"__type":"$$EventMessageConfirm","confirm":"95e090ea-5fef-4330-a38c-7545fa806f10","ts":"2026-06-30T06:41:15.243-04:00","source":{"id":"0","name":"eventBus"}}
{"__type":"$$EventMessageNode","id":"1625f63a-8b14-467d-928a-4596d9d5a543","ts":"2026-06-30T06:41:15.244-04:00","eventName":"n8n.node.started","message":"n8n.node.started","payload":{"workflowId":"C4BVU8W5qaskHfBp","workflowName":"My workflow","executionId":"336","nodeType":"n8n-nodes-base.if","nodeName":"If","nodeId":"7db9cf72-934d-4cea-8296-d648b3f605bf"}}
{"__type":"$$EventMessageConfirm","confirm":"1625f63a-8b14-467d-928a-4596d9d5a543","ts":"2026-06-30T06:41:15.244-04:00","source":{"id":"0","name":"eventBus"}}
{"__type":"$$EventMessageNode","id":"2693bb63-25e2-4919-a276-e010019c23c6","ts":"2026-06-30T06:41:15.246-04:00","eventName":"n8n.node.finished","message":"n8n.node.finished","payload":{"workflowId":"C4BVU8W5qaskHfBp","workflowName":"My workflow","executionId":"336","nodeType":"n8n-nodes-base.if","nodeName":"If","nodeId":"7db9cf72-934d-4cea-8296-d648b3f605bf"}}
{"__type":"$$EventMessageConfirm","confirm":"2693bb63-25e2-4919-a276-e010019c23c6","ts":"2026-06-30T06:41:15.247-04:00","source":{"id":"0","name":"eventBus"}}
{"__type":"$$EventMessageNode","id":"030e53fb-be69-405a-adb5-015a1fbf46d6","ts":"2026-06-30T06:41:15.247-04:00","eventName":"n8n.node.started","message":"n8n.node.started","payload":{"workflowId":"C4BVU8W5qaskHfBp","workflowName":"My workflow","executionId":"336","nodeType":"n8n-nodes-base.httpRequest","nodeName":"HTTP Request","nodeId":"e7da74da-68b2-4dfc-975e-df7bbb7f420e"}}
{"__type":"$$EventMessageConfirm","confirm":"030e53fb-be69-405a-adb5-015a1fbf46d6","ts":"2026-06-30T06:41:15.247-04:00","source":{"id":"0","name":"eventBus"}}
{"__type":"$$EventMessageNode","id":"41ce3337-d4c4-4c34-a14d-065536000316","ts":"2026-06-30T06:42:58.544-04:00","eventName":"n8n.node.finished","message":"n8n.node.finished","payload":{"workflowId":"C4BVU8W5qaskHfBp","workflowName":"My workflow","executionId":"334","nodeType":"n8n-nodes-base.httpRequest","nodeName":"HTTP Request","nodeId":"e7da74da-68b2-4dfc-975e-df7bbb7f420e"}}
{"__type":"$$EventMessageConfirm","confirm":"41ce3337-d4c4-4c34-a14d-065536000316","ts":"2026-06-30T06:42:58.545-04:00","source":{"id":"0","name":"eventBus"}}
{"__type":"$$EventMessageWorkflow","id":"e5ee7e2f-ea5c-4615-b1a2-720d531ac918","ts":"2026-06-30T06:42:58.545-04:00","eventName":"n8n.workflow.failed","message":"n8n.workflow.failed","payload":{"executionId":"334","success":false,"isManual":false,"mode":"webhook","workflowId":"C4BVU8W5qaskHfBp","workflowName":"My workflow","projectId":"8SBGRU5FRx0MMSdb","projectName":"david plecko <pleckolabs@gmail.com>","lastNodeExecuted":"HTTP Request","errorNodeType":"n8n-nodes-base.httpRequest","errorMessage":"The connection timed out, consider setting the 'Retry on Fail' option in the node settings"}}
{"__type":"$$EventMessageConfirm","confirm":"e5ee7e2f-ea5c-4615-b1a2-720d531ac918","ts":"2026-06-30T06:42:58.546-04:00","source":{"id":"0","name":"eventBus"}}
{"__type":"$$EventMessageNode","id":"1ea9b8da-f0b7-409d-b93c-808d4f3b8e42","ts":"2026-06-30T06:43:19.024-04:00","eventName":"n8n.node.finished","message":"n8n.node.finished","payload":{"workflowId":"C4BVU8W5qaskHfBp","workflowName":"My workflow","executionId":"335","nodeType":"n8n-nodes-base.httpRequest","nodeName":"HTTP Request","nodeId":"e7da74da-68b2-4dfc-975e-df7bbb7f420e"}}
{"__type":"$$EventMessageConfirm","confirm":"1ea9b8da-f0b7-409d-b93c-808d4f3b8e42","ts":"2026-06-30T06:43:19.024-04:00","source":{"id":"0","name":"eventBus"}}
{"__type":"$$EventMessageWorkflow","id":"f84887ac-e527-4aad-a189-d3967fc795d0","ts":"2026-06-30T06:43:19.025-04:00","eventName":"n8n.workflow.failed","message":"n8n.workflow.failed","payload":{"executionId":"335","success":false,"isManual":false,"mode":"webhook","workflowId":"C4BVU8W5qaskHfBp","workflowName":"My workflow","projectId":"8SBGRU5FRx0MMSdb","projectName":"david plecko <pleckolabs@gmail.com>","lastNodeExecuted":"HTTP Request","errorNodeType":"n8n-nodes-base.httpRequest","errorMessage":"The connection timed out, consider setting the 'Retry on Fail' option in the node settings"}}
{"__type":"$$EventMessageConfirm","confirm":"f84887ac-e527-4aad-a189-d3967fc795d0","ts":"2026-06-30T06:43:19.025-04:00","source":{"id":"0","name":"eventBus"}}
{"__type":"$$EventMessageNode","id":"b814e41d-139e-4a3b-82f6-c50507e80d5d","ts":"2026-06-30T06:43:31.312-04:00","eventName":"n8n.node.finished","message":"n8n.node.finished","payload":{"workflowId":"C4BVU8W5qaskHfBp","workflowName":"My workflow","executionId":"336","nodeType":"n8n-nodes-base.httpRequest","nodeName":"HTTP Request","nodeId":"e7da74da-68b2-4dfc-975e-df7bbb7f420e"}}
{"__type":"$$EventMessageConfirm","confirm":"b814e41d-139e-4a3b-82f6-c50507e80d5d","ts":"2026-06-30T06:43:31.312-04:00","source":{"id":"0","name":"eventBus"}}
{"__type":"$$EventMessageWorkflow","id":"692dc284-da98-4490-a882-425aee50d1a0","ts":"2026-06-30T06:43:31.313-04:00","eventName":"n8n.workflow.failed","message":"n8n.workflow.failed","payload":{"executionId":"336","success":false,"isManual":false,"mode":"webhook","workflowId":"C4BVU8W5qaskHfBp","workflowName":"My workflow","projectId":"8SBGRU5FRx0MMSdb","projectName":"david plecko <pleckolabs@gmail.com>","lastNodeExecuted":"HTTP Request","errorNodeType":"n8n-nodes-base.httpRequest","errorMessage":"The connection timed out, consider setting the 'Retry on Fail' option in the node settings"}}
{"__type":"$$EventMessageConfirm","confirm":"692dc284-da98-4490-a882-425aee50d1a0","ts":"2026-06-30T06:43:31.313-04:00","source":{"id":"0","name":"eventBus"}}
{"__type":"$$EventMessageAudit","id":"c7bc0079-1ca8-4abe-86b4-f118c49348f8","ts":"2026-06-30T06:45:28.319-04:00","eventName":"n8n.audit.user.login.failed","message":"n8n.audit.user.login.failed","payload":{"authenticationMethod":"email","userEmail":"pleckolabs@gmail.com","reason":"wrong credentials"}}
{"__type":"$$EventMessageConfirm","confirm":"c7bc0079-1ca8-4abe-86b4-f118c49348f8","ts":"2026-06-30T06:45:28.319-04:00","source":{"id":"0","name":"eventBus"}}
{"__type":"$$EventMessageAudit","id":"9689ec45-4579-4249-a602-1bfbe7774f4f","ts":"2026-06-30T06:45:42.938-04:00","eventName":"n8n.audit.user.login.failed","message":"n8n.audit.user.login.failed","payload":{"authenticationMethod":"email","userEmail":"pleckolabs@gmail.com","reason":"wrong credentials"}}
{"__type":"$$EventMessageConfirm","confirm":"9689ec45-4579-4249-a602-1bfbe7774f4f","ts":"2026-06-30T06:45:42.938-04:00","source":{"id":"0","name":"eventBus"}}
{"__type":"$$EventMessageAudit","id":"c16b823c-3290-4529-b14b-a08597511033","ts":"2026-06-30T06:45:57.196-04:00","eventName":"n8n.audit.user.login.failed","message":"n8n.audit.user.login.failed","payload":{"authenticationMethod":"email","userEmail":"pleckolabs@gmail.com","reason":"wrong credentials"}}
{"__type":"$$EventMessageConfirm","confirm":"c16b823c-3290-4529-b14b-a08597511033","ts":"2026-06-30T06:45:57.196-04:00","source":{"id":"0","name":"eventBus"}}
